    0.009 D <> Log initialized.
    0.009 D <> No migration needed from "PolyMC"
    0.009 D <> No migration needed from "MultiMC"
    0.009 D "Prism Launcher" , (c) 2013-2021  "Prism Launcher Contributors\n© 2021-2022 PolyMC Contributors \n© 2012-2021 MultiMC Contributors"
    0.009 D Version                    :  "6.1"
    0.009 D Git commit                 :  "cb8c389303fe774003b49919a8ef6ded55e1c2b8"
    0.009 D Git refspec                :  ""
    0.009 D Work dir before adjustment :  "C:/Users/chara/GitHub/Tierra de Tinieblas/Launcher"
    0.009 D Work dir after adjustment  :  "C:/Users/chara/GitHub/Tierra de Tinieblas/Launcher"
    0.010 D Adjusted by                :  "Portable data path"
    0.010 D Binary path                :  "C:/Users/chara/GitHub/Tierra de Tinieblas/Launcher"
    0.010 D Application root path      :  "C:/Users/chara/GitHub/Tierra de Tinieblas/Launcher"
    0.010 D <> Paths set.
    0.018 D Detected default console font: "Courier New" , substitutions: ""
    0.022 D <> Settings loaded.
    0.022 D Detecting proxy settings...
    0.022 D Using no proxy is an option!
    0.022 D <> Network done.
    0.027 D Loading Application Language File for es_UY ...
    0.027 D Your language is "es_UY"
    0.027 D <> Translations loaded.
    0.028 D Started watching  "C:/Users/chara/GitHub/Tierra de Tinieblas/Launcher/icons"
    0.028 D Sorting icon list...
    0.028 D <> Instance icons intialized.
    0.030 D [Theme] <> Icon themes initialized.
    0.030 D [Theme] <> Initializing Widget Themes
    0.030 D [Theme] Determining System Theme...
    0.030 D [Theme] System theme seems to be: "windowsvista"
    0.030 D [Theme] Considering theme from theme factory: "windowsvista"
    0.030 D [Theme] System theme has been determined to be: "windowsvista"
    0.030 D [Theme] Loading Built-in Theme: "system"
    0.030 D [Theme] Loading Built-in Theme: "dark"
    0.030 D [Theme] Loading Built-in Theme: "bright"
    0.030 D [Theme] Theme Folder Path:  "C:/Users/chara/GitHub/Tierra de Tinieblas/Launcher/themes"
    0.030 D [Theme] <> Widget themes initialized.
    0.030 D Instance path              :  "instances"
    0.030 D Loading Instances...
    0.030 D Discovering instances in "C:/Users/chara/GitHub/Tierra de Tinieblas/Launcher/instances"
    0.031 D Found instance ID "Tierra de Tinieblas"
    0.031 D Will load group list now.
    0.031 D Group list loaded.
    0.032 D Loaded instance  "Tierra de Tinieblas"  from  "C:/Users/chara/GitHub/Tierra de Tinieblas/Launcher/instances/Tierra de Tinieblas"
    0.032 D <> Instances loaded.
    0.032 D Loading accounts...
    0.032 D AccountList: Queued default account with internal ID  "84c09b32bb264abf90d737c208d05776"  to refresh first
    0.032 D Task "OfflineRefresh(0x22da5143640)" starting for the first time
    0.032 D AuthFlow: "Creating offline account."
    0.032 D Task "OfflineRefresh(0x22da5143640)" succeeded
    0.032 D Writing account list to "accounts.json"
    0.032 D Building JSON data structure.
    0.032 D Building account array.
    0.032 D Writing account list to file.
    0.034 D Saved account list to "accounts.json"
    0.034 D RefreshSchedule: Background account refresh succeeded
    0.034 D RefreshSchedule: Processing account  "<Offline>"  with internal ID  "84c09b32bb264abf90d737c208d05776"
    0.034 D <> Accounts loaded.
    0.035 D <> Cache initialized.
    0.035 D Downloading Translations Index...
    0.035 W Removing cache entry because of old age!
    0.035 D Task "NetJob(Translations Index)" starting for the first time
    0.046 D <> Icon theme set.
    0.046 D [Theme] applying theme "Sistema"
    0.046 D <> Application theme set.
    0.217 D Reloading news.
    0.217 D Task "NetJob(News RSS Feed)" starting for the first time
    0.218 D Task "ComponentUpdateTask(0x22da930bd30)" starting for the first time
    0.218 D Loading components
    0.224 D Component list save is scheduled for "Tierra de Tinieblas"
    0.232 D Resolving dependencies
    0.232 D "Req: net.minecraft == 1.16.5" Is met.
    0.232 D "Req: org.lwjgl3" Is met.
    0.232 D Task "ComponentUpdateTask(0x22da930bd30)" succeeded
    0.232 D Component list update/resolve task succeeded for "Tierra de Tinieblas"
    0.308 D <> Main window shown.
    0.321 D Task "Net::Download(0x22da7328590)" starting for the first time
    0.322 D Downloading  "https://i18n.prismlauncher.org/index_v2.json"
    0.431 D Task "Net::Download(0x22da7329e50)" starting for the first time
    0.432 D Downloading  "https://prismlauncher.org/feed/feed.xml"
    0.460 D Dir changed: "C:/Users/chara/GitHub/Tierra de Tinieblas/Launcher/translations"
    0.461 D Loading Application Language File for es_UY ...
    0.674 D Download succeeded: "https://i18n.prismlauncher.org/index_v2.json"
    0.674 D Task "NetJob(Translations Index)" succeeded
    0.674 D Got translations index!
    0.674 W Removing cache entry because of old age!
    0.674 D Task "NetJob(Translation for es_UY)" starting for the first time
    0.674 D Dir changed: "C:/Users/chara/GitHub/Tierra de Tinieblas/Launcher/translations"
    0.677 D Loading Application Language File for es_UY ...
    0.677 D Dir changed: "C:/Users/chara/GitHub/Tierra de Tinieblas/Launcher/translations"
    0.678 D Loading Application Language File for es_UY ...
    0.678 D Task "Net::Download(0x22da94d4560)" starting for the first time
    0.679 D Downloading  "https://i18n.prismlauncher.org/2287bd30b6b2fb8f20132700228828631f5b3420.class"
    0.680 D Dir changed: "C:/Users/chara/GitHub/Tierra de Tinieblas/Launcher/translations"
    0.681 D Loading Application Language File for es_UY ...
    1.038 D Download succeeded: "https://i18n.prismlauncher.org/2287bd30b6b2fb8f20132700228828631f5b3420.class"
    1.038 D Task "NetJob(Translation for es_UY)" succeeded
    1.038 D Got translation: "es_UY"
    1.039 D Loading Application Language File for es_UY ...
    1.039 D Dir changed: "C:/Users/chara/GitHub/Tierra de Tinieblas/Launcher/translations"
    1.042 D Loading Application Language File for es_UY ...
    1.042 D Dir changed: "C:/Users/chara/GitHub/Tierra de Tinieblas/Launcher/translations"
    1.045 D Loading Application Language File for es_UY ...
    1.295 D Download succeeded: "https://prismlauncher.org/feed/feed.xml"
    1.295 D Task "NetJob(News RSS Feed)" succeeded
    1.295 D Finished loading RSS feed.
    1.298 D Loaded news entry "Prism Launcher Release 6.1, now available"
    1.298 D Loaded news entry "Prism Launcher Release 6.0, now available"
    1.298 D Loaded news entry "Prism Launcher Release 5.2, now available"
    1.298 D Loaded news entry "Prism Launcher Release 5.1, now available"
    1.298 D Loaded news entry "Prism Launcher Release 5.0, now available"
    1.298 D Loaded news entry "PolyMC Update 1.4.2, now available"
    1.298 D Loaded news entry "PolyMC Update 1.4.1, now available"
    1.298 D Loaded news entry "PolyMC Update 1.4.0, now available"
    1.298 D Loaded news entry "PolyMC Update 1.3.2, now available"
    1.298 D Loaded news entry "PolyMC Update 1.3.1, now available"
    1.298 D Loaded news entry "PolyMC Update 1.3.0, now available"
    1.298 D Loaded news entry "PolyMC Update 1.2.2, now available (CurseForge Hotfix)"
    1.298 D Loaded news entry "PolyMC Update 1.2.1, now available"
    1.298 D Loaded news entry "PolyMC Update 1.2.0, now available"
    1.298 D Loaded news entry "PolyMC Update 1.1.1, now available"
    1.298 D Loaded news entry "PolyMC Update 1.1.0, now available"
    1.299 D Loaded news entry "Moving on"
    1.299 D Loaded news entry "Modrinth support and Mod downloading"
    1.299 D Loaded news entry "New maintainers and step down."
    1.299 D News loading succeeded.
    4.958 D Component list save performed now for "Tierra de Tinieblas"
    4.966 D Task "ComponentUpdateTask(0x22da9313350)" starting for the first time
    4.966 D Loading components
    4.966 D Index is already loaded
    4.966 D Component list save is scheduled for "Tierra de Tinieblas"
    4.970 D Resolving dependencies
    4.970 D "Req: net.minecraft == 1.16.5" Is met.
    4.970 D "Req: org.lwjgl3" Is met.
    4.970 D Task "ComponentUpdateTask(0x22da9313350)" succeeded
    4.970 D Component list update/resolve task succeeded for "Tierra de Tinieblas"
    4.972 W Removing cache entry because of old age!
    4.972 D Task "NetJob(Descarga del archivo meta org.lwjgl3/index.json)" starting for the first time
    4.996 D Instance-type specific settings were loaded!
    5.004 D Applying "org.lwjgl3" GOOD
    5.004 D Applying "net.minecraft" GOOD
    5.004 D Applying "net.minecraftforge" GOOD
    5.098 D Task "Net::Download(0x22da97709e0)" starting for the first time
    5.098 D Downloading  "https://meta.prismlauncher.org/v1/org.lwjgl3/index.json"
    5.555 D Download succeeded: "https://meta.prismlauncher.org/v1/org.lwjgl3/index.json"
    5.555 D Task "NetJob(Descarga del archivo meta org.lwjgl3/index.json)" succeeded
    6.998 D Opening directory "C:/Users/chara/GitHub/Tierra de Tinieblas/Launcher/instances/Tierra de Tinieblas"
    9.955 D Component list save performed now for "Tierra de Tinieblas"
   10.986 D Task "ComponentUpdateTask(0x22da930dcb0)" starting for the first time
   10.986 D Loading components
   10.986 D Index is already loaded
   10.986 D Component list save is scheduled for "Tierra de Tinieblas"
   10.989 D Resolving dependencies
   10.989 D "Req: net.minecraft == 1.16.5" Is met.
   10.989 D "Req: org.lwjgl3" Is met.
   10.989 D Task "ComponentUpdateTask(0x22da930dcb0)" succeeded
   10.989 D Component list update/resolve task succeeded for "Tierra de Tinieblas"
   11.016 D Applying "org.lwjgl3" GOOD
   11.017 D Applying "net.minecraft" GOOD
   11.017 D Applying "net.minecraftforge" GOOD
   15.983 D Component list save performed now for "Tierra de Tinieblas"
   19.585 D Started watching  "C:/Users/chara/GitHub/Tierra de Tinieblas/Launcher/instances/Tierra de Tinieblas/.minecraft/mods"
   19.585 D Failed to start watching  "C:/Users/chara/GitHub/Tierra de Tinieblas/Launcher/instances/Tierra de Tinieblas/.minecraft/mods/.index"
   28.379 W Removing cache entry because of old age!
   28.379 D Task "NetJob(Descarga del archivo meta net.minecraft/index.json)" starting for the first time
   28.379 D Task "Net::Download(0x22dabf18050)" starting for the first time
   28.380 D Downloading  "https://meta.prismlauncher.org/v1/net.minecraft/index.json"
   28.691 D Download succeeded: "https://meta.prismlauncher.org/v1/net.minecraft/index.json"
   28.691 D Task "NetJob(Descarga del archivo meta net.minecraft/index.json)" succeeded
   28.696 D Task "NetJob(Modrinth::Search)" starting for the first time
   28.717 D Task "Net::Download(0x22dabf190d0)" starting for the first time
   28.717 D Downloading  "https://api.modrinth.com/v2/search?offset=0&limit=25&query=&index=relevance&facets=[[%22categories:forge%22],[%22versions:1.16.5%22],[%22project_type:mod%22]]"
   29.171 D Download succeeded: "https://api.modrinth.com/v2/search?offset=0&limit=25&query=&index=relevance&facets=[[%22categories:forge%22],[%22versions:1.16.5%22],[%22project_type:mod%22]]"
   29.177 D Task "NetJob(Modrinth::Search)" succeeded
   29.179 D Task "NetJob(Modrinth Icon Download 9s6osm5g)" starting for the first time
   29.184 D Task "NetJob(Modrinth Icon Download NNAgCjsB)" starting for the first time
   29.184 D Task "NetJob(Modrinth Icon Download uXXizFIs)" starting for the first time
   29.184 D Task "NetJob(Modrinth Icon Download lhGA9TYQ)" starting for the first time
   29.187 D Task "Net::Download(0x22dabe68130)" starting for the first time
   29.188 D Downloading  "https://cdn.modrinth.com/data/9s6osm5g/icon.png"
   29.188 D Task "Net::Download(0x22dabe85160)" starting for the first time
   29.189 D Downloading  "https://cdn.modrinth.com/data/NNAgCjsB/icon.png"
   29.189 D Task "Net::Download(0x22dabe853a0)" starting for the first time
   29.189 D Downloading  "https://cdn.modrinth.com/data/uXXizFIs/icon.jpg"
   29.189 D Task "Net::Download(0x22dabe855e0)" starting for the first time
   29.190 D Downloading  "https://cdn.modrinth.com/data/lhGA9TYQ/icon.png"
   29.865 D Download succeeded: "https://cdn.modrinth.com/data/9s6osm5g/icon.png"
   29.865 D Task "NetJob(Modrinth Icon Download 9s6osm5g)" succeeded
   29.938 D Download succeeded: "https://cdn.modrinth.com/data/NNAgCjsB/icon.png"
   29.938 D Task "NetJob(Modrinth Icon Download NNAgCjsB)" succeeded
   29.957 D Download succeeded: "https://cdn.modrinth.com/data/uXXizFIs/icon.jpg"
   29.957 D Task "NetJob(Modrinth Icon Download uXXizFIs)" succeeded
   30.029 D Download succeeded: "https://cdn.modrinth.com/data/lhGA9TYQ/icon.png"
   30.029 D Task "NetJob(Modrinth Icon Download lhGA9TYQ)" succeeded
   31.581 D Stopped watching  "C:/Users/chara/GitHub/Tierra de Tinieblas/Launcher/instances/Tierra de Tinieblas/.minecraft/mods"
   31.581 D Failed to stop watching  "C:/Users/chara/GitHub/Tierra de Tinieblas/Launcher/instances/Tierra de Tinieblas/.minecraft/mods/.index"
