    0.019 D <> Log initialized.
    0.019 D <> No migration needed from "PolyMC"
    0.019 D <> No migration needed from "MultiMC"
    0.019 D "Prism Launcher" , (c) 2013-2021  "Prism Launcher Contributors\n© 2021-2022 PolyMC Contributors \n© 2012-2021 MultiMC Contributors"
    0.019 D Version                    :  "6.1"
    0.019 D Git commit                 :  "cb8c389303fe774003b49919a8ef6ded55e1c2b8"
    0.019 D Git refspec                :  ""
    0.019 D Work dir before adjustment :  "C:/Users/chara/Desktop/PrismLauncher-Windows-MSVC-Portable-6.1 - Copy"
    0.019 D Work dir after adjustment  :  "C:/Users/chara/Desktop/PrismLauncher-Windows-MSVC-Portable-6.1 - Copy"
    0.019 D Adjusted by                :  "Portable data path"
    0.019 D Binary path                :  "C:/Users/chara/Desktop/PrismLauncher-Windows-MSVC-Portable-6.1 - Copy"
    0.019 D Application root path      :  "C:/Users/chara/Desktop/PrismLauncher-Windows-MSVC-Portable-6.1 - Copy"
    0.019 D <> Paths set.
    0.019 D Detected default console font: "Courier New" , substitutions: ""
    0.019 D <> Settings loaded.
    0.019 D Detecting proxy settings...
    0.019 D Using no proxy is an option!
    0.019 D <> Network done.
    0.019 D Loading Application Language File for es_UY ...
    0.019 D Your language is "es_UY"
    0.019 D <> Translations loaded.
    0.032 D Started watching  "C:/Users/chara/Desktop/PrismLauncher-Windows-MSVC-Portable-6.1 - Copy/icons"
    0.032 D Sorting icon list...
    0.032 D <> Instance icons intialized.
    0.032 D [Theme] <> Icon themes initialized.
    0.032 D [Theme] <> Initializing Widget Themes
    0.032 D [Theme] Determining System Theme...
    0.032 D [Theme] System theme seems to be: "windowsvista"
    0.032 D [Theme] Considering theme from theme factory: "windowsvista"
    0.032 D [Theme] System theme has been determined to be: "windowsvista"
    0.032 D [Theme] Loading Built-in Theme: "system"
    0.032 D [Theme] Loading Built-in Theme: "dark"
    0.032 D [Theme] Loading Built-in Theme: "bright"
    0.032 D [Theme] Theme Folder Path:  "C:/Users/chara/Desktop/PrismLauncher-Windows-MSVC-Portable-6.1 - Copy/themes"
    0.032 D [Theme] <> Widget themes initialized.
    0.032 D Instance path              :  "instances"
    0.032 D Loading Instances...
    0.032 D Discovering instances in "C:/Users/chara/Desktop/PrismLauncher-Windows-MSVC-Portable-6.1 - Copy/instances"
    0.032 D <> Instances loaded.
    0.032 D Loading accounts...
    0.032 D AccountList: Queued default account with internal ID  "c2325abe4c8241f68ab75784f34a2591"  to refresh first
    0.032 D Task "MSASilent(0x2ada9efb1e0)" starting for the first time
    0.032 D AuthFlow: "Iniciando sesión con la cuenta de Microsoft."
    0.032 D DeviceFlow::refresh: Token: ... "POpnA$$"
    0.094 D RefreshSchedule: Processing account  "Jovier Cujoh"  with internal ID  "c2325abe4c8241f68ab75784f34a2591"
    0.094 D <> Accounts loaded.
    0.094 D <> Cache initialized.
    0.094 D Downloading Translations Index...
    0.094 D Task "NetJob(Translations Index)" starting for the first time
    0.094 D <> Icon theme set.
    0.094 D [Theme] applying theme "Sistema"
    0.094 D <> Application theme set.
    0.251 D Reloading news.
    0.251 D Task "NetJob(News RSS Feed)" starting for the first time
    0.298 D <> Main window shown.
    0.298 D Task "Net::Download(0x2ada9efb120)" starting for the first time
    0.298 D Downloading  "https://i18n.prismlauncher.org/index_v2.json"
    0.298 D Task "Net::Download(0x2adadcfa570)" starting for the first time
    0.298 D Downloading  "https://prismlauncher.org/feed/feed.xml"
    0.345 D Dir changed: "C:/Users/chara/Desktop/PrismLauncher-Windows-MSVC-Portable-6.1 - Copy/translations"
    0.345 D Loading Application Language File for es_UY ...
    0.581 D Download succeeded: "https://i18n.prismlauncher.org/index_v2.json"
    0.581 D Task "NetJob(Translations Index)" succeeded
    0.581 D Got translations index!
    0.581 D Task "NetJob(Translation for es_UY)" starting for the first time
    0.581 D Dir changed: "C:/Users/chara/Desktop/PrismLauncher-Windows-MSVC-Portable-6.1 - Copy/translations"
    0.581 D Loading Application Language File for es_UY ...
    0.581 D Task "Net::Download(0x2adadcf98b0)" starting for the first time
    0.581 D Downloading  "https://i18n.prismlauncher.org/2287bd30b6b2fb8f20132700228828631f5b3420.class"
    0.581 D Dir changed: "C:/Users/chara/Desktop/PrismLauncher-Windows-MSVC-Portable-6.1 - Copy/translations"
    0.581 D Loading Application Language File for es_UY ...
    0.659 D Download succeeded: "https://i18n.prismlauncher.org/2287bd30b6b2fb8f20132700228828631f5b3420.class"
    0.659 D Task "NetJob(Translation for es_UY)" succeeded
    0.659 D Got translation: "es_UY"
    0.659 D Loading Application Language File for es_UY ...
    0.659 D Dir changed: "C:/Users/chara/Desktop/PrismLauncher-Windows-MSVC-Portable-6.1 - Copy/translations"
    0.659 D Loading Application Language File for es_UY ...
    1.067 D Download succeeded: "https://prismlauncher.org/feed/feed.xml"
    1.067 D Task "NetJob(News RSS Feed)" succeeded
    1.067 D Finished loading RSS feed.
    1.083 D Loaded news entry "Prism Launcher Release 6.1, now available"
    1.083 D Loaded news entry "Prism Launcher Release 6.0, now available"
    1.083 D Loaded news entry "Prism Launcher Release 5.2, now available"
    1.083 D Loaded news entry "Prism Launcher Release 5.1, now available"
    1.083 D Loaded news entry "Prism Launcher Release 5.0, now available"
    1.083 D Loaded news entry "PolyMC Update 1.4.2, now available"
    1.083 D Loaded news entry "PolyMC Update 1.4.1, now available"
    1.083 D Loaded news entry "PolyMC Update 1.4.0, now available"
    1.083 D Loaded news entry "PolyMC Update 1.3.2, now available"
    1.083 D Loaded news entry "PolyMC Update 1.3.1, now available"
    1.083 D Loaded news entry "PolyMC Update 1.3.0, now available"
    1.083 D Loaded news entry "PolyMC Update 1.2.2, now available (CurseForge Hotfix)"
    1.083 D Loaded news entry "PolyMC Update 1.2.1, now available"
    1.083 D Loaded news entry "PolyMC Update 1.2.0, now available"
    1.083 D Loaded news entry "PolyMC Update 1.1.1, now available"
    1.083 D Loaded news entry "PolyMC Update 1.1.0, now available"
    1.083 D Loaded news entry "Moving on"
    1.083 D Loaded news entry "Modrinth support and Mod downloading"
    1.083 D Loaded news entry "New maintainers and step down."
    1.083 D News loading succeeded.
    1.504 D DeviceFlow::setRefreshToken "M.R3_SN1.-CcCIxpuiziXeOECXPVhSojdgEUkGXJmPvxfXAP0bJvseXXbtRX0ZSNVaMtgmGNA0Ie1!mZFnnEFG2i9iB0HVz59QgGUoVHxqHQgysYxu03w1txQwtlkoL1!X2hNlFnFUlTxS1F8kHIQEcA1xqAZXZ!saf2pMEk5VBZMC7P8hin7RCCdaGhsigmHeeoGOH58CvZ8DQfTP9vAhea4M4u6REYtMQvvAtkf4pXJYF2kpKp5UM8a7C4Kl5W6Lf6QbQmCoZIxOSGRvnzI*7QyOgFhO4lbGjJTPdLK1eVvkHe9jNpo!k8erMMFZgI2nQLy285fE*Q$$" ...
    1.504 D DeviceFlow::setLinked: true
    1.504 D AuthFlow: "Iniciando sesión como usuario de Xbox."
    1.505 D First layer of XBox auth ... commencing.
    1.505 D New token expires in QDateTime(2022-12-30 14:36:04.409 UTC Qt::UTC) seconds
    2.400 D Parsing "UToken" :
    2.416 D "{\"IssueInstant\":\"2022-12-30T13:36:04.5206764Z\",\"NotAfter\":\"2023-01-13T13:36:04.5206764Z\",\"Token\":\"eyJhbGciOiJSU0EtT0FFUCIsImVuYyI6IkExMjhDQkMtSFMyNTYiLCJ6aXAiOiJERUYiLCJ4NXQiOiJxcEQtU2ZoOUg3NFFHOXlMN1hSZXJ5RmZvbk0iLCJjdHkiOiJKV1QifQ.ttTCRYVRr7sNsuOy5hY8v6wtUoRtbpzIiTfMXS1Xp6wvH64A5dJG-GVIko9GyrgDehjHxGSnVZgK_hrFUDMxlrjVzonYMMY0SFYIuOdb2X_D7dd76XfwIfamAYHR8PhfnBJ9Oi4Umie9W2Fq8fgGgDwP84nQm-12edyFXP719v17hLptARfYxX4BtZ0gMQ7NlVs_OIW-DhCtDLcBEGLVESJDKHciSTSPHfOTo7K_0k2vSUBAfngFqaj-6J3nqL48EQMY3mtAudimOXw-jUJzpfDfamSWktC6gimLEa9i-NsVMmQW9BEwLNw1fKmgcWXN59jUEII-geZeeES39BqArw.6PkB6a2IeuvsbMf5NLGKbg.liPjzU4jjCb-LLwRy_M9Ge5k5JH0YjjXxE5XzysygWAv6MuqWvj0ZMZXsLfOBbNy2IYkhBYdd2USG5hs0bYcs93U65Xs5K51OaWDa3Hg5Ne7QLkLMilB5zQhse8h5p9eTOPI8LxK79iHVMsqjUoq0wn6MrfNqBi9foUEIwj36STvkx7qM2g4kP2js9uyl3YtJlUxbBhPWI0jxFl2q9LZb7lU1snqMd7g09zI8oaLNcjVfk_T2-fEmSnpQek_4ISgqicfCvI0SBkrwzR6zJf-IvNHmmTCbhr1fHU9_YKEyXrEQy8i2Wy2_6TiVlgdf_-TuAGRl8-30EpzeurFpZYIrYHiI3oTYuggFhaT_Yxsqne9G-DqeLiT-HbANz-p1G5KIjF_PpqIyK0L0MZ-6AsHKam0PTVOSqM30xeavqlPOVxKxVUfVHWHca21bQ1ovOI44Azq874x79DrbfIhZoP-nrLVrV6-SgaLonkb4XP7d9yOetJjYQKlP7sL2VYQyVlINyxhopogCx9SnBTN2foADu8EBerIBpVIcP_OSTEBmCE1dv9LRliCmOox_2Y0cOAwU911599fraC-DvbuetrE3lgPag_q0TdJgstLSCOlt8Z2UFxZiMxaHg2FDiIdyw4zDMM7dLo3qcHVucb82WcSCmaNfPO6uwm_DFkuYQQ0rIue3MumQvnoPH5i-1Youn_0BZHsYEbb_ULHkBHKnPTrrenNVQAOsf97VrkvrR15OK1NJU9UoHTlrClezU8NO3vg6FyRpnqbKYyrx_RScMKYUNip4PjLQnq50KjmH6WGuFmHoUpwXz2TJdABgGDE0nlkX5oiheCSeHT6y8_3M-cLdpQL1b3gzriEz5TRXPGbYEOlkz9U_puJqQZ2CynhAwjlVFfSlpv7DUGqf0bAQJqI4xRrqYDbTihGmEOrCXCYPYqk-rSXHSQTgtn1t0Fr7pf12kn-LkhtIU7VsNOS0IP_IqQTiuJ8MvTRQXMCZlUl3yY0ROwdy-IwOcaq63V4-I0M.nsohVGPBNS8T4MgGvMxxBw\",\"DisplayClaims\":{\"xui\":[{\"uhs\":\"12269364631785296726\"}]}}"
    2.416 D "UToken" is valid.
    2.416 D AuthFlow: "Obteniendo autorización para acceder a los servicios de Xbox."
    2.416 D Getting authorization token for  "http://xboxlive.com"
    3.361 D "{\"IssueInstant\":\"2022-12-30T13:36:05.2426271Z\",\"NotAfter\":\"2022-12-31T05:36:05.2426271Z\",\"Token\":\"eyJlbmMiOiJBMTI4Q0JDK0hTMjU2IiwiYWxnIjoiUlNBLU9BRVAiLCJjdHkiOiJKV1QiLCJ6aXAiOiJERUYiLCJ4NXQiOiIxZlVBejExYmtpWklFaE5KSVZnSDFTdTVzX2cifQ.FohFrwBJsyAdoAmj4ojz4ETGCg2AJbm1UR7Rnp_oV3mMyoBZ6-XgcbIid60FHxSRFc3EwTwdHr4bG7DaI-QUc8UqmGa8b5_O1AdyMnsXEx4gWQ6MwSiEQA3tHSGxWaj25eAWukG2RecuCpnzZzeMFv1ywnOksezQ7KHWHkKmVS8._ymA5IeyyxDr_Eels3k1JA.NlNO2tUaMJ4oJ9yg4-ERVZHYYCJR42mqrbVC3E59V8SwcKEjBFSJ6LNXhmEthd20OOpA-1ex9njYMZYMJA7DB1NmW4Vz34MuOrI1i4euAyzNXVCu086wemFml05fc6R7C9HfK3jtoNVOkaMl1v1RHhHwy46NkQfMBsd-eWdXpc8epZgYryExkJdEVDKsDqF-HLK_E3x036QRDhApyJd9tCwLc3SX1gI_4sTUOR98bDiUmHiI2lbkLgRFHNepKEKBNOMmivh-nTMWdM11x_kOP13I_93DLTNBgdVs4QaKM2_jgdjPumF_XgIvxMekF1ruHWxfenauGr9mmU_Ti9MO2qWaNZn7lRVfiyFqM0jBoG_onjQMUL88gtAeQcCnBX4p1Rk6JC_ZulqYq3gmwprUhbhlFvvYIqcl6U0ByNiBfkddsVEEtEEyNjp4eIbzcUb3AGprrXApFez40dpWCPzsxSXdREOGLsIesLTVvWxkHMjR-F1xUvKV-XoFyhkf-Cn18cIK89bWOB_vVlCmLGzuPTbWyYuJ5gvcJ59LmeLO7Fx8TLecOVPIpgMR3A8W_4dX4gyrbF3D6mrlUORpwzC1ixXvQfEPXByVhTsrhVdriFEfrOrQpgiKvZiath3ZFO8OgUmLMpa6LqUSVWySXh9urGoSTrgHYdmRn32vtkBSmr3fUT-q7oLy_VaWoF-NjCvDBIFSC8n2TIBBkmgEucXkS1DdG1Lzer-NV_xk_WdElZsTU3v95fJMIlC1KBpXsSN0TIP8OE536LgF3Lc3L2UfSBb7ZWILoEmFCDJxoLPXX98allkaymgla_H62DhNpJ-CXaBIqkNflZZDqqQY12Cr7zudFGXMGye1GWUDTyXXaw-xh0h-HoztAL6zemrZKksu1esYNiTFTqeIaC4EDZ8aZ_Q-iH5pk4YE6iH05-Xktk4or4LyDAn1YcgpCs-gUqNfyQhkwacuBePzKdmOUkhM5vc0m1B1twqo-Z5roiD6tQSuT4-OiZb-N8WNoaGT87gdMajQ0i29JOpoOzfSAI8Nyhf_JsIVX8c84hBJhINlVldjjBaQRa5oClQk9SAJWJf_RgTfeIYazybmvG178-tn0R8X8AeNVAb6pmAkqvxNRNFzBDa64-MXDWGW7Tf8f6jCHNClQlW5RRa2BesptDwTAuv4r_M4qJKK7XV1eapJp2d0z3dNiPEdusAAPyn06abSH-9k42p1GvLvKQyLdwQgbhiuU429Ww1kmhYf5GcjrAoa1pKQ_DnNH5Q9ovcwgrkkP8d5WCj7jiYDkLh5DVsu61d-yvlkwk0jWdyXTigSTrpZRlNZq_YU6jgSuDmCyRwdPdNYAxuzdRt6RlpULDI84Wzw0t0FqShmyQDNM1uq1KHJ8MC0yWE7BfmPezwItWrdF3H_WltpHHxH4ryWaOPXVFS2AoxzeTyeHEZ2Xerug5jAB0PoXrSslgZwf_RG1MLVSglrcBDTIQnN1JrBFKJ3fX-elzMmUNvXtApTc2NcX2Y.WMXDKa6_l9ELK1fx3XdsUv40SiStftDgmHO2J1_IFpI\",\"DisplayClaims\":{\"xui\":[{\"gtg\":\"Jovier Cujoh\",\"xid\":\"2535452410089783\",\"uhs\":\"12269364631785296726\",\"agg\":\"Adult\",\"usr\":\"195\",\"utr\":\"190\",\"prv\":\"184 185 186 187 188 191 193 196 198 199 200 201 203 204 205 206 208 211 217 220 224 227 228 235 238 245 247 249 252 254 255\"}]}}"
    3.361 D Parsing "Xbox" :
    3.361 D "{\"IssueInstant\":\"2022-12-30T13:36:05.2426271Z\",\"NotAfter\":\"2022-12-31T05:36:05.2426271Z\",\"Token\":\"eyJlbmMiOiJBMTI4Q0JDK0hTMjU2IiwiYWxnIjoiUlNBLU9BRVAiLCJjdHkiOiJKV1QiLCJ6aXAiOiJERUYiLCJ4NXQiOiIxZlVBejExYmtpWklFaE5KSVZnSDFTdTVzX2cifQ.FohFrwBJsyAdoAmj4ojz4ETGCg2AJbm1UR7Rnp_oV3mMyoBZ6-XgcbIid60FHxSRFc3EwTwdHr4bG7DaI-QUc8UqmGa8b5_O1AdyMnsXEx4gWQ6MwSiEQA3tHSGxWaj25eAWukG2RecuCpnzZzeMFv1ywnOksezQ7KHWHkKmVS8._ymA5IeyyxDr_Eels3k1JA.NlNO2tUaMJ4oJ9yg4-ERVZHYYCJR42mqrbVC3E59V8SwcKEjBFSJ6LNXhmEthd20OOpA-1ex9njYMZYMJA7DB1NmW4Vz34MuOrI1i4euAyzNXVCu086wemFml05fc6R7C9HfK3jtoNVOkaMl1v1RHhHwy46NkQfMBsd-eWdXpc8epZgYryExkJdEVDKsDqF-HLK_E3x036QRDhApyJd9tCwLc3SX1gI_4sTUOR98bDiUmHiI2lbkLgRFHNepKEKBNOMmivh-nTMWdM11x_kOP13I_93DLTNBgdVs4QaKM2_jgdjPumF_XgIvxMekF1ruHWxfenauGr9mmU_Ti9MO2qWaNZn7lRVfiyFqM0jBoG_onjQMUL88gtAeQcCnBX4p1Rk6JC_ZulqYq3gmwprUhbhlFvvYIqcl6U0ByNiBfkddsVEEtEEyNjp4eIbzcUb3AGprrXApFez40dpWCPzsxSXdREOGLsIesLTVvWxkHMjR-F1xUvKV-XoFyhkf-Cn18cIK89bWOB_vVlCmLGzuPTbWyYuJ5gvcJ59LmeLO7Fx8TLecOVPIpgMR3A8W_4dX4gyrbF3D6mrlUORpwzC1ixXvQfEPXByVhTsrhVdriFEfrOrQpgiKvZiath3ZFO8OgUmLMpa6LqUSVWySXh9urGoSTrgHYdmRn32vtkBSmr3fUT-q7oLy_VaWoF-NjCvDBIFSC8n2TIBBkmgEucXkS1DdG1Lzer-NV_xk_WdElZsTU3v95fJMIlC1KBpXsSN0TIP8OE536LgF3Lc3L2UfSBb7ZWILoEmFCDJxoLPXX98allkaymgla_H62DhNpJ-CXaBIqkNflZZDqqQY12Cr7zudFGXMGye1GWUDTyXXaw-xh0h-HoztAL6zemrZKksu1esYNiTFTqeIaC4EDZ8aZ_Q-iH5pk4YE6iH05-Xktk4or4LyDAn1YcgpCs-gUqNfyQhkwacuBePzKdmOUkhM5vc0m1B1twqo-Z5roiD6tQSuT4-OiZb-N8WNoaGT87gdMajQ0i29JOpoOzfSAI8Nyhf_JsIVX8c84hBJhINlVldjjBaQRa5oClQk9SAJWJf_RgTfeIYazybmvG178-tn0R8X8AeNVAb6pmAkqvxNRNFzBDa64-MXDWGW7Tf8f6jCHNClQlW5RRa2BesptDwTAuv4r_M4qJKK7XV1eapJp2d0z3dNiPEdusAAPyn06abSH-9k42p1GvLvKQyLdwQgbhiuU429Ww1kmhYf5GcjrAoa1pKQ_DnNH5Q9ovcwgrkkP8d5WCj7jiYDkLh5DVsu61d-yvlkwk0jWdyXTigSTrpZRlNZq_YU6jgSuDmCyRwdPdNYAxuzdRt6RlpULDI84Wzw0t0FqShmyQDNM1uq1KHJ8MC0yWE7BfmPezwItWrdF3H_WltpHHxH4ryWaOPXVFS2AoxzeTyeHEZ2Xerug5jAB0PoXrSslgZwf_RG1MLVSglrcBDTIQnN1JrBFKJ3fX-elzMmUNvXtApTc2NcX2Y.WMXDKa6_l9ELK1fx3XdsUv40SiStftDgmHO2J1_IFpI\",\"DisplayClaims\":{\"xui\":[{\"gtg\":\"Jovier Cujoh\",\"xid\":\"2535452410089783\",\"uhs\":\"12269364631785296726\",\"agg\":\"Adult\",\"usr\":\"195\",\"utr\":\"190\",\"prv\":\"184 185 186 187 188 191 193 196 198 199 200 201 203 204 205 206 208 211 217 220 224 227 228 235 238 245 247 249 252 254 255\"}]}}"
    3.361 D "Xbox" is valid.
    3.361 D AuthFlow: "Obteniendo autorización para acceder a los servicios de Mojang."
    3.361 D Getting authorization token for  "rp://api.minecraftservices.com/"
    3.729 D "{\"IssueInstant\":\"2022-12-30T13:36:05.7582894Z\",\"NotAfter\":\"2022-12-31T05:36:05.7582894Z\",\"Token\":\"eyJlbmMiOiJBMTI4Q0JDLUhTMjU2IiwiYWxnIjoiUlNBLU9BRVAiLCJjdHkiOiJKV1QiLCJ6aXAiOiJERUYiLCJ4NXQiOiJzYVkzV1ZoQzdnMmsxRW9FU0Jncm9Ob2l3MVEifQ.zTh2euV5wLcEgCqweC9fPQPbbHsTBuildXgopX2vG3K76wRpMa-J-0Hkbeatg41jSWqsOoAmZ4_O0orCUNZfGatzdRmW86TAfjJ9fTQhQJh_XGoRYjEvOW-h--Nft0O5fcZOUDQdyMtk6SVSNMmR2bAVhsQEwj0CdPd0NTzcFHGgpFe6fk_vk89KwofUOMVAyjopaF42mZlITsVAyisD4U6wgaLfsvn3aOGnJEP7mjP3_6H5EcOFJ1kB167fyaY38kbtLy0ov73sp4I5U4VquJMo0OXnoiXzD4kwifFfYoyVYl22CERgzecnlX4nLqfMv4dp0NF6DWbPTAU6XQ4Y3A.A6rxDC8HYjvK9HX6bqKD2Q.c9K-g6EyNCaxSRkVwOvw1m3LWqVxhW2hqbOx00qp8dombRqHlnTuCrZJ1zggyIIukxrAbb63hnkVdBuuk1vwFOFxyswjIYorYexHIJrEL8U5l6WJBgohvP6rBNQIJGd8LzgTz8KM717fQYcA6uQCG9TRepAK9aw76OQI2IhMv9m5vP3iKF3M5SSLZBPaF9_SLjcCq6EIqZRTijX7CpDcUwLIun0YmXveXRwjrl2W9Ip7WLiSBxUMQQyOZLlkeSo9AJiJYTOeGz9B-3LkrYQdQmykSOojNVRtBixM_FWfkih5tMhvm0NMd09Sww8qyEPvp7bPw9VhlZ8uu2DCsoIj8aGsfjjd9f0BoxBjtlQLVxxbFYm6cmc2hWufhMtIKB0E32jAJep4vd-JNgH8efG4Tkx79TfYOgDYpAdZb1_SVyKLMtGRTR3tNH5XQbnwDaJOpGY1B2IQEmtZts5yu6yNpOGNI_ZzW-jIgcpZd9CTtdaQdgH5K0Y_sJggzT6WWhKykO82Yid3NlK3sWkIeNLENk49iDcrADM9Rji5ZEgA6JcXPsWTSfn7hXHz4eC16CFen_1U9U0NxBd-1cBkHk-Zyi8hVDbIEiNKmROn7FJLbLaIPtxzJGFZHSnFwd2bZ6rkQ-N4qwk7UrDmYYnWOo0nOuZlUKpfK_F79ydBml1lwc2A1PLGoF05FCwk2gNcY9IhFWC3yJkd2OJ2S2G0G34MY_xcAA22oFtQ_nSiUqOXh0VSdsvQkVlxZvLHRwNLRt1dxCi-mwTpR6x53MBfy-K9evn6x48bEWhU6RgHc0mBmJgVSriwgTYEdMHvpRwG6ZZsGq_juB_Ga-OgeKnXp_mtp4A5MjWVhzYYhT1DVZqJOneXd_AkhtSqbPnbnWkYYNriaRw7aNIi7CmVlPvQYmQcCxKX77eyM_SFugWmuafAh5nPF4GyWDJi7abStPKIX0icATnQ5CHtQlyme5hk-1Vy5MAr5h9az2uRUmvT-Aal_lnoJvJACo8xliVUR-5W8AiH17OqbmrV3ZaQYVDHVEB-AEZQxgrr_8ipHK928V0njynPhN9ZeeC5kPX27cA1UHzkNzkwRVHV6SLgtZ1euI00hcG1RkNieU7hpfL7gBkpBRzLyWqGB9RASIepUatiFdbiXiCm0VCUjY52bW1bRv-4af6RlYEU3BlF1Gt1V-MD9ulBnWcbvmJ62HRhzSe4g-uVoWwBl0gBhQ_nXNHY3Yv8esk3u_BSJpCCi7he1nbogTneekNzkVYM46ED4CFxdgrgYEmLCj4Yzwf_A40j2mNW1s0bJgRpn3HhsGZ0nrSVN48H9sWoIhXG6m18DJD5nCrTUj_cG9u7-L-q3Xme9AFIdMRENknegJ3BBoQQeGoO-AwjTv75qJWFfeJnTzZgi5WzGkxZSjPfpaNwh_uCBQ2chlnN92-jbLuJMqbJkvdTmaccBnQ7ty6bktTSSbyJlfztNI1kh6C4uI_0WWGSNMekWXiDnViu8MERwM4vaiJQKwfCdROHPkmCc6s1P0k-7EvYwKgPEo2zL1dJjjM1u38a4jVB8cKOBTiGaSwF7acx4qMS9p_rYG4ktrfK5LM0VxHd.Ynoo2IQp8gkMoahClT2zhw\",\"DisplayClaims\":{\"xui\":[{\"uhs\":\"12269364631785296726\"}]}}"
    3.729 D Parsing "Mojang" :
    3.729 D "{\"IssueInstant\":\"2022-12-30T13:36:05.7582894Z\",\"NotAfter\":\"2022-12-31T05:36:05.7582894Z\",\"Token\":\"eyJlbmMiOiJBMTI4Q0JDLUhTMjU2IiwiYWxnIjoiUlNBLU9BRVAiLCJjdHkiOiJKV1QiLCJ6aXAiOiJERUYiLCJ4NXQiOiJzYVkzV1ZoQzdnMmsxRW9FU0Jncm9Ob2l3MVEifQ.zTh2euV5wLcEgCqweC9fPQPbbHsTBuildXgopX2vG3K76wRpMa-J-0Hkbeatg41jSWqsOoAmZ4_O0orCUNZfGatzdRmW86TAfjJ9fTQhQJh_XGoRYjEvOW-h--Nft0O5fcZOUDQdyMtk6SVSNMmR2bAVhsQEwj0CdPd0NTzcFHGgpFe6fk_vk89KwofUOMVAyjopaF42mZlITsVAyisD4U6wgaLfsvn3aOGnJEP7mjP3_6H5EcOFJ1kB167fyaY38kbtLy0ov73sp4I5U4VquJMo0OXnoiXzD4kwifFfYoyVYl22CERgzecnlX4nLqfMv4dp0NF6DWbPTAU6XQ4Y3A.A6rxDC8HYjvK9HX6bqKD2Q.c9K-g6EyNCaxSRkVwOvw1m3LWqVxhW2hqbOx00qp8dombRqHlnTuCrZJ1zggyIIukxrAbb63hnkVdBuuk1vwFOFxyswjIYorYexHIJrEL8U5l6WJBgohvP6rBNQIJGd8LzgTz8KM717fQYcA6uQCG9TRepAK9aw76OQI2IhMv9m5vP3iKF3M5SSLZBPaF9_SLjcCq6EIqZRTijX7CpDcUwLIun0YmXveXRwjrl2W9Ip7WLiSBxUMQQyOZLlkeSo9AJiJYTOeGz9B-3LkrYQdQmykSOojNVRtBixM_FWfkih5tMhvm0NMd09Sww8qyEPvp7bPw9VhlZ8uu2DCsoIj8aGsfjjd9f0BoxBjtlQLVxxbFYm6cmc2hWufhMtIKB0E32jAJep4vd-JNgH8efG4Tkx79TfYOgDYpAdZb1_SVyKLMtGRTR3tNH5XQbnwDaJOpGY1B2IQEmtZts5yu6yNpOGNI_ZzW-jIgcpZd9CTtdaQdgH5K0Y_sJggzT6WWhKykO82Yid3NlK3sWkIeNLENk49iDcrADM9Rji5ZEgA6JcXPsWTSfn7hXHz4eC16CFen_1U9U0NxBd-1cBkHk-Zyi8hVDbIEiNKmROn7FJLbLaIPtxzJGFZHSnFwd2bZ6rkQ-N4qwk7UrDmYYnWOo0nOuZlUKpfK_F79ydBml1lwc2A1PLGoF05FCwk2gNcY9IhFWC3yJkd2OJ2S2G0G34MY_xcAA22oFtQ_nSiUqOXh0VSdsvQkVlxZvLHRwNLRt1dxCi-mwTpR6x53MBfy-K9evn6x48bEWhU6RgHc0mBmJgVSriwgTYEdMHvpRwG6ZZsGq_juB_Ga-OgeKnXp_mtp4A5MjWVhzYYhT1DVZqJOneXd_AkhtSqbPnbnWkYYNriaRw7aNIi7CmVlPvQYmQcCxKX77eyM_SFugWmuafAh5nPF4GyWDJi7abStPKIX0icATnQ5CHtQlyme5hk-1Vy5MAr5h9az2uRUmvT-Aal_lnoJvJACo8xliVUR-5W8AiH17OqbmrV3ZaQYVDHVEB-AEZQxgrr_8ipHK928V0njynPhN9ZeeC5kPX27cA1UHzkNzkwRVHV6SLgtZ1euI00hcG1RkNieU7hpfL7gBkpBRzLyWqGB9RASIepUatiFdbiXiCm0VCUjY52bW1bRv-4af6RlYEU3BlF1Gt1V-MD9ulBnWcbvmJ62HRhzSe4g-uVoWwBl0gBhQ_nXNHY3Yv8esk3u_BSJpCCi7he1nbogTneekNzkVYM46ED4CFxdgrgYEmLCj4Yzwf_A40j2mNW1s0bJgRpn3HhsGZ0nrSVN48H9sWoIhXG6m18DJD5nCrTUj_cG9u7-L-q3Xme9AFIdMRENknegJ3BBoQQeGoO-AwjTv75qJWFfeJnTzZgi5WzGkxZSjPfpaNwh_uCBQ2chlnN92-jbLuJMqbJkvdTmaccBnQ7ty6bktTSSbyJlfztNI1kh6C4uI_0WWGSNMekWXiDnViu8MERwM4vaiJQKwfCdROHPkmCc6s1P0k-7EvYwKgPEo2zL1dJjjM1u38a4jVB8cKOBTiGaSwF7acx4qMS9p_rYG4ktrfK5LM0VxHd.Ynoo2IQp8gkMoahClT2zhw\",\"DisplayClaims\":{\"xui\":[{\"uhs\":\"12269364631785296726\"}]}}"
    3.729 D "Mojang" is valid.
    3.729 D AuthFlow: "Accediendo a los servicios de Mojang."
    3.729 D Getting Minecraft access token...
    5.989 D "{\n  \"username\" : \"98f6f444-d6f1-456e-9b6c-e80d843076a3\",\n  \"roles\" : [ ],\n  \"metadata\" : { },\n  \"access_token\" : \"eyJhbGciOiJIUzI1NiJ9.eyJ4dWlkIjoiMjUzNTQ1MjQxMDA4OTc4MyIsImFnZyI6IkFkdWx0Iiwic3ViIjoiOThmNmY0NDQtZDZmMS00NTZlLTliNmMtZTgwZDg0MzA3NmEzIiwibmJmIjoxNjcyNDA3MzY3LCJhdXRoIjoiWEJPWCIsInJvbGVzIjpbXSwiaXNzIjoiYXV0aGVudGljYXRpb24iLCJleHAiOjE2NzI0OTM3NjcsImlhdCI6MTY3MjQwNzM2NywicGxhdGZvcm0iOiJQQ19MQVVOQ0hFUiIsInl1aWQiOiJiZGU2N2U2MWMyOGQ0NTQzYTczMzNhODBhMmNmZWY3OSJ9.K4fQ8WmJYP9RxKNcUEvKJfOFUIwlPqW0wRELFMTssm0\",\n  \"expires_in\" : 86400,\n  \"token_type\" : \"Bearer\"\n}"
    5.989 D Parsing Mojang response...
    5.989 D "{\n  \"username\" : \"98f6f444-d6f1-456e-9b6c-e80d843076a3\",\n  \"roles\" : [ ],\n  \"metadata\" : { },\n  \"access_token\" : \"eyJhbGciOiJIUzI1NiJ9.eyJ4dWlkIjoiMjUzNTQ1MjQxMDA4OTc4MyIsImFnZyI6IkFkdWx0Iiwic3ViIjoiOThmNmY0NDQtZDZmMS00NTZlLTliNmMtZTgwZDg0MzA3NmEzIiwibmJmIjoxNjcyNDA3MzY3LCJhdXRoIjoiWEJPWCIsInJvbGVzIjpbXSwiaXNzIjoiYXV0aGVudGljYXRpb24iLCJleHAiOjE2NzI0OTM3NjcsImlhdCI6MTY3MjQwNzM2NywicGxhdGZvcm0iOiJQQ19MQVVOQ0hFUiIsInl1aWQiOiJiZGU2N2U2MWMyOGQ0NTQzYTczMzNhODBhMmNmZWY3OSJ9.K4fQ8WmJYP9RxKNcUEvKJfOFUIwlPqW0wRELFMTssm0\",\n  \"expires_in\" : 86400,\n  \"token_type\" : \"Bearer\"\n}"
    5.989 D Mojang response is valid.
    5.989 D AuthFlow: "Obteniendo el perfil de Xbox."
    5.989 D Getting Xbox profile...
    7.265 D XBox profile:  "{\"profileUsers\":[{\"id\":\"2535452410089783\",\"hostId\":\"2535452410089783\",\"settings\":[{\"id\":\"GameDisplayName\",\"value\":\"Jovier Cujoh\"},{\"id\":\"AppDisplayName\",\"value\":\"Jovier Cujoh\"},{\"id\":\"AppDisplayPicRaw\",\"value\":\"https://images-eds-ssl.xboxlive.com/image?url=z951ykn43p4FqWbbFvR2Ec.8vbDhj8G2Xe7JngaTToBrrCmIEEXHC9UNrdJ6P7KIU9bcRvGYJAQotfisIC8nP_qacNkzoqaPFmYhu63fEkfQ4vN7r3J8RoGWTiFi6SDu&format=png\"},{\"id\":\"GameDisplayPicRaw\",\"value\":\"https://images-eds-ssl.xboxlive.com/image?url=z951ykn43p4FqWbbFvR2Ec.8vbDhj8G2Xe7JngaTToBrrCmIEEXHC9UNrdJ6P7KIU9bcRvGYJAQotfisIC8nP_qacNkzoqaPFmYhu63fEkfQ4vN7r3J8RoGWTiFi6SDu&format=png\"},{\"id\":\"PublicGamerpic\",\"value\":\"https://images-eds-ssl.xboxlive.com/image?url=z951ykn43p4FqWbbFvR2Ec.8vbDhj8G2Xe7JngaTToBrrCmIEEXHC9UNrdJ6P7KIU9bcRvGYJAQotfisIC8nP_qacNkzoqaPFmYhu63fEkfQ4vN7r3J8RoGWTiFi6SDu\"},{\"id\":\"ShowUserAsAvatar\",\"value\":\"2\"},{\"id\":\"Gamerscore\",\"value\":\"5489\"},{\"id\":\"Gamertag\",\"value\":\"Jovier Cujoh\"},{\"id\":\"ModernGamertag\",\"value\":\"Jovier Cujoh\"},{\"id\":\"ModernGamertagSuffix\",\"value\":\"\"},{\"id\":\"UniqueModernGamertag\",\"value\":\"Jovier Cujoh\"},{\"id\":\"AccountTier\",\"value\":\"Silver\"},{\"id\":\"TenureLevel\",\"value\":\"0\"},{\"id\":\"XboxOneRep\",\"value\":\"GoodPlayer\"},{\"id\":\"PreferredColor\",\"value\":\"http://dlassets.xboxlive.com/public/content/ppl/colors/00007.json\"},{\"id\":\"Location\",\"value\":\"Chile,Santiago\"},{\"id\":\"Bio\",\"value\":\"Inactivo\"},{\"id\":\"Watermarks\",\"value\":\"\"},{\"id\":\"RealName\",\"value\":\"\"},{\"id\":\"RealNameOverride\",\"value\":\"Rosa Amelia Silva Soto\"},{\"id\":\"IsQuarantined\",\"value\":\"0\"}],\"isSponsoredUser\":false}]}"
    7.265 D AuthFlow: "Determinando propiedad del juego."
    7.265 D Getting entitlements...
    8.633 D "{\n  \"items\" : [ {\n    \"name\" : \"product_minecraft\",\n    \"source\" : \"PURCHASE\"\n  }, {\n    \"name\" : \"game_minecraft\",\n    \"source\" : \"PURCHASE\"\n  }, {\n    \"name\" : \"product_minecraft_bedrock\",\n    \"source\" : \"PURCHASE\"\n  }, {\n    \"name\" : \"game_minecraft_bedrock\",\n    \"source\" : \"PURCHASE\"\n  }, {\n    \"name\" : \"product_minecraft\",\n    \"source\" : \"MC_PURCHASE\"\n  }, {\n    \"name\" : \"game_minecraft\",\n    \"source\" : \"MC_PURCHASE\"\n  } ],\n  \"signature\" : \"eyJ0eXAiOiJKV1QiLCJhbGciOiJSUzI1NiIsImtpZCI6IjEiLCJ4NXQiOiJJVXRXd1l0clNfSXpJS0piaTZzNGtWaF9FNXMifQ.ewogICJlbnRpdGxlbWVudHMiIDogWyB7CiAgICAibmFtZSIgOiAicHJvZHVjdF9taW5lY3JhZnQiLAogICAgInNvdXJjZSIgOiAiUFVSQ0hBU0UiCiAgfSwgewogICAgIm5hbWUiIDogImdhbWVfbWluZWNyYWZ0IiwKICAgICJzb3VyY2UiIDogIlBVUkNIQVNFIgogIH0sIHsKICAgICJuYW1lIiA6ICJwcm9kdWN0X21pbmVjcmFmdF9iZWRyb2NrIiwKICAgICJzb3VyY2UiIDogIlBVUkNIQVNFIgogIH0sIHsKICAgICJuYW1lIiA6ICJnYW1lX21pbmVjcmFmdF9iZWRyb2NrIiwKICAgICJzb3VyY2UiIDogIlBVUkNIQVNFIgogIH0sIHsKICAgICJuYW1lIiA6ICJwcm9kdWN0X21pbmVjcmFmdCIsCiAgICAic291cmNlIiA6ICJNQ19QVVJDSEFTRSIKICB9LCB7CiAgICAibmFtZSIgOiAiZ2FtZV9taW5lY3JhZnQiLAogICAgInNvdXJjZSIgOiAiTUNfUFVSQ0hBU0UiCiAgfSBdLAogICJzaWduZXJJZCIgOiAiMjUzNTQ1MjQxMDA4OTc4MyIsCiAgIm5iZiIgOiAxNjcyNDA3MTkwLAogICJyZXF1ZXN0SWQiIDogIjA5ZWIyMGFiLTYxNDMtNDNjOS1iMGIzLWFlZmZlYzVmMWUwYiIsCiAgInJpZGNyIiA6ICJmZDZjODRmYzE2NGNjYTdmIiwKICAiZXhwIiA6IDE2NzI1ODAxNzAsCiAgImlhdCIgOiAxNjcyNDA3MzcwLAogICJwbGF0Zm9ybSIgOiAiUENfTEFVTkNIRVIiCn0.bOniuz8Ch0YirJBKTlVZyuTZA_OMjU07kZvMXsTHvwjojL8X7e8yndavw2OT4DXB84UBQbEtL9OKiUWvYc5UKwmAZYzvzJFGZPYH0Y39qZi04_hOug-UlyQ4p4m-WkH5uU5tuIdFnv4Zjnd5V0NpMFrUEg_97LqpoK967XxRxBjfSuidk3iwfFi9iqarEMOsAovAPyd-VVLiL4Gxrggouc5SJv-6jg9HD2G-ADqecYTU4a2QG4s5nu220_KnkmBT019j86twk9H9Xa643ArtS1bmKXtYqQMJ3NYy4To8UpDVP5oLI4alg87VJeC17igTxqT2AKDIbnIpCfRX-pMjCAIGx3DJZdofrAodEFjkzxqjAuyaCuBcitY9vhc0DH2w0-OewaqevE47lkdXHkBogptE1NrLL6G3gfBd6L3Mvg6bEJFFJZMIsosaXxtmYr5J6fLRtNTGKkoYKRvnal_-V0t12N9UdQSXLL3-zMC5NjxCAR_bhdDVnddEt2sboq1md-5dAmob9_tG5mX21AI_9RSuqpzVRl6TSovBHwEgBm4cuJ4i40u8dCqX-BPyUul-ZcwCStKsnb95wf8xHvkBmzvNAUQm5BFdVDNP9oFLeJDoBC7ufOYs_5cCzaK5h4e08JC2iP8bqNZqr8rOg3qTJbijEgZfToNtb1m1U4CBH_w\",\n  \"keyId\" : \"1\",\n  \"requestId\" : \"09eb20ab-6143-43c9-b0b3-aeffec5f1e0b\",\n  \"errors\" : [ ]\n}"
    8.633 D Parsing Minecraft entitlements...
    8.633 D "{\n  \"items\" : [ {\n    \"name\" : \"product_minecraft\",\n    \"source\" : \"PURCHASE\"\n  }, {\n    \"name\" : \"game_minecraft\",\n    \"source\" : \"PURCHASE\"\n  }, {\n    \"name\" : \"product_minecraft_bedrock\",\n    \"source\" : \"PURCHASE\"\n  }, {\n    \"name\" : \"game_minecraft_bedrock\",\n    \"source\" : \"PURCHASE\"\n  }, {\n    \"name\" : \"product_minecraft\",\n    \"source\" : \"MC_PURCHASE\"\n  }, {\n    \"name\" : \"game_minecraft\",\n    \"source\" : \"MC_PURCHASE\"\n  } ],\n  \"signature\" : \"eyJ0eXAiOiJKV1QiLCJhbGciOiJSUzI1NiIsImtpZCI6IjEiLCJ4NXQiOiJJVXRXd1l0clNfSXpJS0piaTZzNGtWaF9FNXMifQ.ewogICJlbnRpdGxlbWVudHMiIDogWyB7CiAgICAibmFtZSIgOiAicHJvZHVjdF9taW5lY3JhZnQiLAogICAgInNvdXJjZSIgOiAiUFVSQ0hBU0UiCiAgfSwgewogICAgIm5hbWUiIDogImdhbWVfbWluZWNyYWZ0IiwKICAgICJzb3VyY2UiIDogIlBVUkNIQVNFIgogIH0sIHsKICAgICJuYW1lIiA6ICJwcm9kdWN0X21pbmVjcmFmdF9iZWRyb2NrIiwKICAgICJzb3VyY2UiIDogIlBVUkNIQVNFIgogIH0sIHsKICAgICJuYW1lIiA6ICJnYW1lX21pbmVjcmFmdF9iZWRyb2NrIiwKICAgICJzb3VyY2UiIDogIlBVUkNIQVNFIgogIH0sIHsKICAgICJuYW1lIiA6ICJwcm9kdWN0X21pbmVjcmFmdCIsCiAgICAic291cmNlIiA6ICJNQ19QVVJDSEFTRSIKICB9LCB7CiAgICAibmFtZSIgOiAiZ2FtZV9taW5lY3JhZnQiLAogICAgInNvdXJjZSIgOiAiTUNfUFVSQ0hBU0UiCiAgfSBdLAogICJzaWduZXJJZCIgOiAiMjUzNTQ1MjQxMDA4OTc4MyIsCiAgIm5iZiIgOiAxNjcyNDA3MTkwLAogICJyZXF1ZXN0SWQiIDogIjA5ZWIyMGFiLTYxNDMtNDNjOS1iMGIzLWFlZmZlYzVmMWUwYiIsCiAgInJpZGNyIiA6ICJmZDZjODRmYzE2NGNjYTdmIiwKICAiZXhwIiA6IDE2NzI1ODAxNzAsCiAgImlhdCIgOiAxNjcyNDA3MzcwLAogICJwbGF0Zm9ybSIgOiAiUENfTEFVTkNIRVIiCn0.bOniuz8Ch0YirJBKTlVZyuTZA_OMjU07kZvMXsTHvwjojL8X7e8yndavw2OT4DXB84UBQbEtL9OKiUWvYc5UKwmAZYzvzJFGZPYH0Y39qZi04_hOug-UlyQ4p4m-WkH5uU5tuIdFnv4Zjnd5V0NpMFrUEg_97LqpoK967XxRxBjfSuidk3iwfFi9iqarEMOsAovAPyd-VVLiL4Gxrggouc5SJv-6jg9HD2G-ADqecYTU4a2QG4s5nu220_KnkmBT019j86twk9H9Xa643ArtS1bmKXtYqQMJ3NYy4To8UpDVP5oLI4alg87VJeC17igTxqT2AKDIbnIpCfRX-pMjCAIGx3DJZdofrAodEFjkzxqjAuyaCuBcitY9vhc0DH2w0-OewaqevE47lkdXHkBogptE1NrLL6G3gfBd6L3Mvg6bEJFFJZMIsosaXxtmYr5J6fLRtNTGKkoYKRvnal_-V0t12N9UdQSXLL3-zMC5NjxCAR_bhdDVnddEt2sboq1md-5dAmob9_tG5mX21AI_9RSuqpzVRl6TSovBHwEgBm4cuJ4i40u8dCqX-BPyUul-ZcwCStKsnb95wf8xHvkBmzvNAUQm5BFdVDNP9oFLeJDoBC7ufOYs_5cCzaK5h4e08JC2iP8bqNZqr8rOg3qTJbijEgZfToNtb1m1U4CBH_w\",\n  \"keyId\" : \"1\",\n  \"requestId\" : \"09eb20ab-6143-43c9-b0b3-aeffec5f1e0b\",\n  \"errors\" : [ ]\n}"
    8.633 D AuthFlow: "Obteniendo perfil de Minecraft."
    8.859 D "{\n  \"id\" : \"abe91d0d09bd4afe9248ec71f55bd48a\",\n  \"name\" : \"Jovier_\",\n  \"skins\" : [ {\n    \"id\" : \"035e652a-e08f-4654-bc3c-48126f1db5ea\",\n    \"state\" : \"ACTIVE\",\n    \"url\" : \"http://textures.minecraft.net/texture/25a0115e5f51092bf80f45399a7811a50ec977ce622ed69f80561168c85fedd9\",\n    \"variant\" : \"SLIM\"\n  } ],\n  \"capes\" : [ {\n    \"id\" : \"7412868d-7be3-429f-b629-ed5074d2455c\",\n    \"state\" : \"INACTIVE\",\n    \"url\" : \"http://textures.minecraft.net/texture/f9a76537647989f9a0b6d001e320dac591c359e9e61a31f4ce11c88f207f0ad4\",\n    \"alias\" : \"Vanilla\"\n  }, {\n    \"id\" : \"5af20372-79e0-4e1f-80f8-6bd8e3135995\",\n    \"state\" : \"INACTIVE\",\n    \"url\" : \"http://textures.minecraft.net/texture/2340c0e03dd24a11b15a8b33c2a7e9e32abb2051b2481d0ba7defd635ca7a933\",\n    \"alias\" : \"Migrator\"\n  } ],\n  \"profileActions\" : { }\n}"
    8.859 D Parsing Minecraft profile...
    8.859 D "{\n  \"id\" : \"abe91d0d09bd4afe9248ec71f55bd48a\",\n  \"name\" : \"Jovier_\",\n  \"skins\" : [ {\n    \"id\" : \"035e652a-e08f-4654-bc3c-48126f1db5ea\",\n    \"state\" : \"ACTIVE\",\n    \"url\" : \"http://textures.minecraft.net/texture/25a0115e5f51092bf80f45399a7811a50ec977ce622ed69f80561168c85fedd9\",\n    \"variant\" : \"SLIM\"\n  } ],\n  \"capes\" : [ {\n    \"id\" : \"7412868d-7be3-429f-b629-ed5074d2455c\",\n    \"state\" : \"INACTIVE\",\n    \"url\" : \"http://textures.minecraft.net/texture/f9a76537647989f9a0b6d001e320dac591c359e9e61a31f4ce11c88f207f0ad4\",\n    \"alias\" : \"Vanilla\"\n  }, {\n    \"id\" : \"5af20372-79e0-4e1f-80f8-6bd8e3135995\",\n    \"state\" : \"INACTIVE\",\n    \"url\" : \"http://textures.minecraft.net/texture/2340c0e03dd24a11b15a8b33c2a7e9e32abb2051b2481d0ba7defd635ca7a933\",\n    \"alias\" : \"Migrator\"\n  } ],\n  \"profileActions\" : { }\n}"
    8.859 D AuthFlow: "Obteniendo skin."
    9.638 D Task "MSASilent(0x2ada9efb1e0)" succeeded
    9.639 D Writing account list to "accounts.json"
    9.639 D Building JSON data structure.
    9.639 D Building account array.
    9.639 D Writing account list to file.
    9.648 D Saved account list to "accounts.json"
    9.649 D RefreshSchedule: Background account refresh succeeded
    9.783 D Task "OfflineLogin(0x2adae9059f0)" starting for the first time
    9.783 D AuthFlow: "Creating offline account."
    9.783 D Task "OfflineLogin(0x2adae9059f0)" succeeded
    9.789 D Inserting account at index 1
    9.789 D Writing account list to "accounts.json"
    9.789 D Building JSON data structure.
    9.789 D Building account array.
    9.789 D Writing account list to file.
    9.791 D Saved account list to "accounts.json"
   16.070 D Writing account list to "accounts.json"
   16.070 D Building JSON data structure.
   16.070 D Building account array.
   16.070 D Writing account list to file.
   16.083 D Saved account list to "accounts.json"
   18.704 D Writing account list to "accounts.json"
   18.704 D Building JSON data structure.
   18.704 D Building account array.
   18.704 D Writing account list to file.
   18.717 D Saved account list to "accounts.json"
   28.987 D Paged dialog close requested
   28.988 D Sorting icon list...
   28.988 D Detecting proxy settings...
   28.988 D Using no proxy is an option!
   28.988 D Paged dialog close approved
   28.988 D Paged dialog geometry saved
   29.000 D Discovering instances in "C:/Users/chara/Desktop/PrismLauncher-Windows-MSVC-Portable-6.1 - Copy/instances"
   30.660 D [HttpMetaCache] Saving metacache with 20 entries
