    0.015 D <> Log initialized.
    0.015 D <> No migration needed from "PolyMC"
    0.015 D <> No migration needed from "MultiMC"
    0.015 D "Prism Launcher" , (c) 2013-2021  "Prism Launcher Contributors\n© 2021-2022 PolyMC Contributors \n© 2012-2021 MultiMC Contributors"
    0.015 D Version                    :  "6.1"
    0.015 D Git commit                 :  "cb8c389303fe774003b49919a8ef6ded55e1c2b8"
    0.015 D Git refspec                :  ""
    0.015 D Work dir before adjustment :  "C:/Users/chara/GitHub/TierraDeTinieblas/Launcher"
    0.015 D Work dir after adjustment  :  "C:/Users/chara/GitHub/TierraDeTinieblas/Launcher"
    0.015 D Adjusted by                :  "Portable data path"
    0.015 D Binary path                :  "C:/Users/chara/GitHub/TierraDeTinieblas/Launcher"
    0.015 D Application root path      :  "C:/Users/chara/GitHub/TierraDeTinieblas/Launcher"
    0.015 D <> Paths set.
    0.093 D Detected default console font: "Courier New" , substitutions: ""
    0.093 D <> Settings loaded.
    0.093 D Detecting proxy settings...
    0.093 D Using no proxy is an option!
    0.093 D <> Network done.
    0.093 D Loading Application Language File for es_UY ...
    0.093 D Your language is "es_UY"
    0.093 D <> Translations loaded.
    0.109 D Started watching  "C:/Users/chara/GitHub/TierraDeTinieblas/Launcher/icons"
    0.109 D Sorting icon list...
    0.109 D <> Instance icons intialized.
    0.265 D [Theme] <> Icon themes initialized.
    0.265 D [Theme] <> Initializing Widget Themes
    0.265 D [Theme] Determining System Theme...
    0.265 D [Theme] System theme seems to be: "windowsvista"
    0.265 D [Theme] Considering theme from theme factory: "windowsvista"
    0.265 D [Theme] System theme has been determined to be: "windowsvista"
    0.265 D [Theme] Loading Built-in Theme: "system"
    0.265 D [Theme] Loading Built-in Theme: "dark"
    0.265 D [Theme] Loading Built-in Theme: "bright"
    0.265 D [Theme] Theme Folder Path:  "C:/Users/chara/GitHub/TierraDeTinieblas/Launcher/themes"
    0.265 D [Theme] <> Widget themes initialized.
    0.265 D Instance path              :  "instances"
    0.265 D Loading Instances...
    0.265 D Discovering instances in "C:/Users/chara/GitHub/TierraDeTinieblas/Launcher/instances"
    0.265 D Found instance ID "Tierra de Tinieblas"
    0.265 D Will load group list now.
    0.265 D Group list loaded.
    0.265 D Loaded instance  "Tierra de Tinieblas"  from  "C:/Users/chara/GitHub/TierraDeTinieblas/Launcher/instances/Tierra de Tinieblas"
    0.265 D <> Instances loaded.
    0.265 D Loading accounts...
    0.265 D AccountList: Queued default account with internal ID  "4338ba8691844940bdddebce42f5cc47"  to refresh first
    0.265 D Task "OfflineRefresh(0x20533e22b90)" starting for the first time
    0.265 D AuthFlow: "Creating offline account."
    0.265 D Task "OfflineRefresh(0x20533e22b90)" succeeded
    0.265 D Writing account list to "accounts.json"
    0.265 D Building JSON data structure.
    0.265 D Building account array.
    0.265 D Writing account list to file.
    0.265 D Saved account list to "accounts.json"
    0.265 D RefreshSchedule: Background account refresh succeeded
    0.265 D RefreshSchedule: Processing account  "<Offline>"  with internal ID  "4338ba8691844940bdddebce42f5cc47"
    0.265 D <> Accounts loaded.
    0.265 D <> Cache initialized.
    0.265 D Downloading Translations Index...
    0.265 W Removing cache entry because of old age!
    0.265 D Task "NetJob(Translations Index)" starting for the first time
    0.281 D <> Icon theme set.
    0.281 D [Theme] applying theme "Sistema"
    0.281 D <> Application theme set.
    0.609 D Reloading news.
    0.609 D Task "NetJob(News RSS Feed)" starting for the first time
    0.609 D Task "ComponentUpdateTask(0x20537c988e0)" starting for the first time
    0.609 D Loading components
    0.625 D Component list save is scheduled for "Tierra de Tinieblas"
    0.640 D Resolving dependencies
    0.640 D "Req: net.minecraft == 1.16.5" Is met.
    0.640 D "Req: org.lwjgl3" Is met.
    0.640 D Task "ComponentUpdateTask(0x20537c988e0)" succeeded
    0.640 D Component list update/resolve task succeeded for "Tierra de Tinieblas"
    0.812 D <> Main window shown.
    0.828 D Task "Net::Download(0x20535d10a00)" starting for the first time
    0.828 D Downloading  "https://i18n.prismlauncher.org/index_v2.json"
    0.922 D Task "Net::Download(0x20535d119c0)" starting for the first time
    0.922 D Downloading  "https://prismlauncher.org/feed/feed.xml"
    0.937 D Dir changed: "C:/Users/chara/GitHub/TierraDeTinieblas/Launcher/translations"
    0.937 D Loading Application Language File for es_UY ...
    1.078 D Download succeeded: "https://i18n.prismlauncher.org/index_v2.json"
    1.078 D Task "NetJob(Translations Index)" succeeded
    1.078 D Got translations index!
    1.078 W Removing cache entry because of old age!
    1.078 D Task "NetJob(Translation for es_UY)" starting for the first time
    1.078 D Dir changed: "C:/Users/chara/GitHub/TierraDeTinieblas/Launcher/translations"
    1.093 D Loading Application Language File for es_UY ...
    1.093 D Dir changed: "C:/Users/chara/GitHub/TierraDeTinieblas/Launcher/translations"
    1.093 D Loading Application Language File for es_UY ...
    1.093 D Task "Net::Download(0x20538011de0)" starting for the first time
    1.093 D Downloading  "https://i18n.prismlauncher.org/2287bd30b6b2fb8f20132700228828631f5b3420.class"
    1.093 D Dir changed: "C:/Users/chara/GitHub/TierraDeTinieblas/Launcher/translations"
    1.093 D Loading Application Language File for es_UY ...
    1.156 D Download succeeded: "https://i18n.prismlauncher.org/2287bd30b6b2fb8f20132700228828631f5b3420.class"
    1.156 D Task "NetJob(Translation for es_UY)" succeeded
    1.156 D Got translation: "es_UY"
    1.172 D Loading Application Language File for es_UY ...
    1.172 D Dir changed: "C:/Users/chara/GitHub/TierraDeTinieblas/Launcher/translations"
    1.172 D Loading Application Language File for es_UY ...
    1.172 D Dir changed: "C:/Users/chara/GitHub/TierraDeTinieblas/Launcher/translations"
    1.172 D Loading Application Language File for es_UY ...
    1.437 D Download succeeded: "https://prismlauncher.org/feed/feed.xml"
    1.437 D Task "NetJob(News RSS Feed)" succeeded
    1.437 D Finished loading RSS feed.
    1.453 D Loaded news entry "Prism Launcher Release 6.1, now available"
    1.453 D Loaded news entry "Prism Launcher Release 6.0, now available"
    1.453 D Loaded news entry "Prism Launcher Release 5.2, now available"
    1.453 D Loaded news entry "Prism Launcher Release 5.1, now available"
    1.453 D Loaded news entry "Prism Launcher Release 5.0, now available"
    1.453 D Loaded news entry "PolyMC Update 1.4.2, now available"
    1.453 D Loaded news entry "PolyMC Update 1.4.1, now available"
    1.453 D Loaded news entry "PolyMC Update 1.4.0, now available"
    1.453 D Loaded news entry "PolyMC Update 1.3.2, now available"
    1.453 D Loaded news entry "PolyMC Update 1.3.1, now available"
    1.453 D Loaded news entry "PolyMC Update 1.3.0, now available"
    1.453 D Loaded news entry "PolyMC Update 1.2.2, now available (CurseForge Hotfix)"
    1.453 D Loaded news entry "PolyMC Update 1.2.1, now available"
    1.453 D Loaded news entry "PolyMC Update 1.2.0, now available"
    1.453 D Loaded news entry "PolyMC Update 1.1.1, now available"
    1.453 D Loaded news entry "PolyMC Update 1.1.0, now available"
    1.453 D Loaded news entry "Moving on"
    1.453 D Loaded news entry "Modrinth support and Mod downloading"
    1.453 D Loaded news entry "New maintainers and step down."
    1.453 D News loading succeeded.
    4.551 D Component list save performed now for "Tierra de Tinieblas"
    4.551 D Task "ComponentUpdateTask(0x20537caefc0)" starting for the first time
    4.551 D Loading components
    4.551 D Index is already loaded
    4.551 D Component list save is scheduled for "Tierra de Tinieblas"
    4.551 D Resolving dependencies
    4.551 D "Req: net.minecraft == 1.16.5" Is met.
    4.551 D "Req: org.lwjgl3" Is met.
    4.551 D Task "ComponentUpdateTask(0x20537caefc0)" succeeded
    4.551 D Component list update/resolve task succeeded for "Tierra de Tinieblas"
    4.567 W Removing cache entry because of old age!
    4.567 D Task "NetJob(Descarga del archivo meta org.lwjgl3/index.json)" starting for the first time
    4.582 D Instance-type specific settings were loaded!
    4.661 D Applying "org.lwjgl3" GOOD
    4.661 D Applying "net.minecraft" GOOD
    4.661 D Applying "net.minecraftforge" GOOD
    4.739 D Task "Net::Download(0x205380114e0)" starting for the first time
    4.739 D Downloading  "https://meta.prismlauncher.org/v1/org.lwjgl3/index.json"
    4.848 D Download succeeded: "https://meta.prismlauncher.org/v1/org.lwjgl3/index.json"
    4.848 D Task "NetJob(Descarga del archivo meta org.lwjgl3/index.json)" succeeded
    9.548 D Component list save performed now for "Tierra de Tinieblas"
   34.872 D [HttpMetaCache] Saving metacache with 20 entries
  159.765 W QFileSystemWatcher::removePaths: list is empty
