[01Jan2023 15:23:49.420] [main/INFO] [cpw.mods.modlauncher.Launcher/MODLAUNCHER]: ModLauncher running: args [--username, Default, --version, 1.16.5, --gameDir, C:/Users/chara/GitHub/Tierra de Tinieblas/Launcher/instances/Tierra de Tinieblas/.minecraft, --assetsDir, C:/Users/chara/GitHub/Tierra de Tinieblas/Launcher/assets, --assetIndex, 1.16, --uuid, 0fec96d41f964499b90be23f3c97724e, --accessToken, ????????, --userType, offline, --versionType, release, --launchTarget, fmlclient, --fml.forgeVersion, 36.2.34, --fml.mcVersion, 1.16.5, --fml.forgeGroup, net.minecraftforge, --fml.mcpVersion, 20210115.111550, --width, 854, --height, 480]
[01Jan2023 15:23:49.423] [main/INFO] [cpw.mods.modlauncher.Launcher/MODLAUNCHER]: ModLauncher 8.1.3+8.1.3+main-8.1.x.c94d18ec starting: java version 1.8.0_352 by Temurin
[01Jan2023 15:23:49.435] [main/DEBUG] [cpw.mods.modlauncher.LaunchServiceHandler/MODLAUNCHER]: Found launch services [minecraft,testharness,fmlclient,fmlserver]
[01Jan2023 15:23:49.448] [main/DEBUG] [cpw.mods.modlauncher.NameMappingServiceHandler/MODLAUNCHER]: Found naming services : []
[01Jan2023 15:23:49.565] [main/DEBUG] [cpw.mods.modlauncher.LaunchPluginHandler/MODLAUNCHER]: Found launch plugins: [mixin,eventbus,object_holder_definalize,runtime_enum_extender,accesstransformer,capability_inject_definalize,runtimedistcleaner]
[01Jan2023 15:23:49.574] [main/DEBUG] [cpw.mods.modlauncher.TransformationServicesHandler/MODLAUNCHER]: Discovering transformation services
[01Jan2023 15:23:49.705] [main/ERROR] [net.minecraftforge.fml.loading.ModDirTransformerDiscoverer/]: Zip Error when loading jar file C:\Users\chara\GitHub\Tierra de Tinieblas\Launcher\instances\Tierra de Tinieblas\.minecraft\mods\[w] BiomesOPlenty-1.16.5-13.1.0.488-universal.jar
java.util.zip.ZipException: error in opening zip file
	at java.util.zip.ZipFile.open(Native Method) ~[?:1.8.0_352]
	at java.util.zip.ZipFile.<init>(ZipFile.java:228) ~[?:1.8.0_352]
	at java.util.zip.ZipFile.<init>(ZipFile.java:157) ~[?:1.8.0_352]
	at java.util.zip.ZipFile.<init>(ZipFile.java:171) ~[?:1.8.0_352]
	at net.minecraftforge.fml.loading.ModDirTransformerDiscoverer.visitFile(ModDirTransformerDiscoverer.java:75) ~[forge-1.16.5-36.2.34-launcher.jar:36.2]
	at java.util.stream.ForEachOps$ForEachOp$OfRef.accept(ForEachOps.java:183) ~[?:1.8.0_352]
	at java.util.stream.ReferencePipeline$3$1.accept(ReferencePipeline.java:193) ~[?:1.8.0_352]
	at java.util.Iterator.forEachRemaining(Iterator.java:116) ~[?:1.8.0_352]
	at java.util.Spliterators$IteratorSpliterator.forEachRemaining(Spliterators.java:1801) ~[?:1.8.0_352]
	at java.util.stream.AbstractPipeline.copyInto(AbstractPipeline.java:482) ~[?:1.8.0_352]
	at java.util.stream.AbstractPipeline.wrapAndCopyInto(AbstractPipeline.java:472) ~[?:1.8.0_352]
	at java.util.stream.ForEachOps$ForEachOp.evaluateSequential(ForEachOps.java:150) ~[?:1.8.0_352]
	at java.util.stream.ForEachOps$ForEachOp$OfRef.evaluateSequential(ForEachOps.java:173) ~[?:1.8.0_352]
	at java.util.stream.AbstractPipeline.evaluate(AbstractPipeline.java:234) ~[?:1.8.0_352]
	at java.util.stream.ReferencePipeline.forEach(ReferencePipeline.java:485) ~[?:1.8.0_352]
	at net.minecraftforge.fml.loading.ModDirTransformerDiscoverer.scan(ModDirTransformerDiscoverer.java:65) ~[forge-1.16.5-36.2.34-launcher.jar:36.2]
	at net.minecraftforge.fml.loading.ModDirTransformerDiscoverer.candidates(ModDirTransformerDiscoverer.java:37) ~[forge-1.16.5-36.2.34-launcher.jar:36.2]
	at cpw.mods.modlauncher.TransformationServicesHandler.lambda$discoverServices$13(TransformationServicesHandler.java:137) ~[modlauncher-8.1.3.jar:?]
	at java.util.stream.ReferencePipeline$3$1.accept(ReferencePipeline.java:193) [?:1.8.0_352]
	at java.util.Iterator.forEachRemaining(Iterator.java:116) [?:1.8.0_352]
	at java.util.Spliterators$IteratorSpliterator.forEachRemaining(Spliterators.java:1801) [?:1.8.0_352]
	at java.util.stream.AbstractPipeline.copyInto(AbstractPipeline.java:482) [?:1.8.0_352]
	at java.util.stream.AbstractPipeline.wrapAndCopyInto(AbstractPipeline.java:472) [?:1.8.0_352]
	at java.util.stream.ReduceOps$ReduceOp.evaluateSequential(ReduceOps.java:708) [?:1.8.0_352]
	at java.util.stream.AbstractPipeline.evaluate(AbstractPipeline.java:234) [?:1.8.0_352]
	at java.util.stream.ReferencePipeline.collect(ReferencePipeline.java:566) [?:1.8.0_352]
	at cpw.mods.modlauncher.TransformationServicesHandler.discoverServices(TransformationServicesHandler.java:137) [modlauncher-8.1.3.jar:?]
	at cpw.mods.modlauncher.Launcher.run(Launcher.java:75) [modlauncher-8.1.3.jar:?]
	at cpw.mods.modlauncher.Launcher.main(Launcher.java:66) [modlauncher-8.1.3.jar:?]
	at sun.reflect.NativeMethodAccessorImpl.invoke0(Native Method) ~[?:1.8.0_352]
	at sun.reflect.NativeMethodAccessorImpl.invoke(NativeMethodAccessorImpl.java:62) ~[?:1.8.0_352]
	at sun.reflect.DelegatingMethodAccessorImpl.invoke(DelegatingMethodAccessorImpl.java:43) ~[?:1.8.0_352]
	at java.lang.reflect.Method.invoke(Method.java:498) ~[?:1.8.0_352]
	at io.github.zekerzhayard.forgewrapper.installer.Main.main(Main.java:57) [ForgeWrapper-mmc2.jar:mmc2]
	at org.prismlauncher.launcher.impl.StandardLauncher.launch(StandardLauncher.java:88) [NewLaunch.jar:?]
	at org.prismlauncher.EntryPoint.listen(EntryPoint.java:126) [NewLaunch.jar:?]
	at org.prismlauncher.EntryPoint.main(EntryPoint.java:71) [NewLaunch.jar:?]
[01Jan2023 15:23:49.721] [main/ERROR] [net.minecraftforge.fml.loading.ModDirTransformerDiscoverer/]: Zip Error when loading jar file C:\Users\chara\GitHub\Tierra de Tinieblas\Launcher\instances\Tierra de Tinieblas\.minecraft\mods\[w] mysticalworld-1.16.5-0.3.6.27.jar
java.util.zip.ZipException: error in opening zip file
	at java.util.zip.ZipFile.open(Native Method) ~[?:1.8.0_352]
	at java.util.zip.ZipFile.<init>(ZipFile.java:228) ~[?:1.8.0_352]
	at java.util.zip.ZipFile.<init>(ZipFile.java:157) ~[?:1.8.0_352]
	at java.util.zip.ZipFile.<init>(ZipFile.java:171) ~[?:1.8.0_352]
	at net.minecraftforge.fml.loading.ModDirTransformerDiscoverer.visitFile(ModDirTransformerDiscoverer.java:75) ~[forge-1.16.5-36.2.34-launcher.jar:36.2]
	at java.util.stream.ForEachOps$ForEachOp$OfRef.accept(ForEachOps.java:183) ~[?:1.8.0_352]
	at java.util.stream.ReferencePipeline$3$1.accept(ReferencePipeline.java:193) ~[?:1.8.0_352]
	at java.util.Iterator.forEachRemaining(Iterator.java:116) ~[?:1.8.0_352]
	at java.util.Spliterators$IteratorSpliterator.forEachRemaining(Spliterators.java:1801) ~[?:1.8.0_352]
	at java.util.stream.AbstractPipeline.copyInto(AbstractPipeline.java:482) ~[?:1.8.0_352]
	at java.util.stream.AbstractPipeline.wrapAndCopyInto(AbstractPipeline.java:472) ~[?:1.8.0_352]
	at java.util.stream.ForEachOps$ForEachOp.evaluateSequential(ForEachOps.java:150) ~[?:1.8.0_352]
	at java.util.stream.ForEachOps$ForEachOp$OfRef.evaluateSequential(ForEachOps.java:173) ~[?:1.8.0_352]
	at java.util.stream.AbstractPipeline.evaluate(AbstractPipeline.java:234) ~[?:1.8.0_352]
	at java.util.stream.ReferencePipeline.forEach(ReferencePipeline.java:485) ~[?:1.8.0_352]
	at net.minecraftforge.fml.loading.ModDirTransformerDiscoverer.scan(ModDirTransformerDiscoverer.java:65) ~[forge-1.16.5-36.2.34-launcher.jar:36.2]
	at net.minecraftforge.fml.loading.ModDirTransformerDiscoverer.candidates(ModDirTransformerDiscoverer.java:37) ~[forge-1.16.5-36.2.34-launcher.jar:36.2]
	at cpw.mods.modlauncher.TransformationServicesHandler.lambda$discoverServices$13(TransformationServicesHandler.java:137) ~[modlauncher-8.1.3.jar:?]
	at java.util.stream.ReferencePipeline$3$1.accept(ReferencePipeline.java:193) [?:1.8.0_352]
	at java.util.Iterator.forEachRemaining(Iterator.java:116) [?:1.8.0_352]
	at java.util.Spliterators$IteratorSpliterator.forEachRemaining(Spliterators.java:1801) [?:1.8.0_352]
	at java.util.stream.AbstractPipeline.copyInto(AbstractPipeline.java:482) [?:1.8.0_352]
	at java.util.stream.AbstractPipeline.wrapAndCopyInto(AbstractPipeline.java:472) [?:1.8.0_352]
	at java.util.stream.ReduceOps$ReduceOp.evaluateSequential(ReduceOps.java:708) [?:1.8.0_352]
	at java.util.stream.AbstractPipeline.evaluate(AbstractPipeline.java:234) [?:1.8.0_352]
	at java.util.stream.ReferencePipeline.collect(ReferencePipeline.java:566) [?:1.8.0_352]
	at cpw.mods.modlauncher.TransformationServicesHandler.discoverServices(TransformationServicesHandler.java:137) [modlauncher-8.1.3.jar:?]
	at cpw.mods.modlauncher.Launcher.run(Launcher.java:75) [modlauncher-8.1.3.jar:?]
	at cpw.mods.modlauncher.Launcher.main(Launcher.java:66) [modlauncher-8.1.3.jar:?]
	at sun.reflect.NativeMethodAccessorImpl.invoke0(Native Method) ~[?:1.8.0_352]
	at sun.reflect.NativeMethodAccessorImpl.invoke(NativeMethodAccessorImpl.java:62) ~[?:1.8.0_352]
	at sun.reflect.DelegatingMethodAccessorImpl.invoke(DelegatingMethodAccessorImpl.java:43) ~[?:1.8.0_352]
	at java.lang.reflect.Method.invoke(Method.java:498) ~[?:1.8.0_352]
	at io.github.zekerzhayard.forgewrapper.installer.Main.main(Main.java:57) [ForgeWrapper-mmc2.jar:mmc2]
	at org.prismlauncher.launcher.impl.StandardLauncher.launch(StandardLauncher.java:88) [NewLaunch.jar:?]
	at org.prismlauncher.EntryPoint.listen(EntryPoint.java:126) [NewLaunch.jar:?]
	at org.prismlauncher.EntryPoint.main(EntryPoint.java:71) [NewLaunch.jar:?]
[01Jan2023 15:23:49.729] [main/DEBUG] [cpw.mods.modlauncher.TransformationServicesHandler/MODLAUNCHER]: Found additional transformation services from discovery services: []
[01Jan2023 15:23:49.758] [main/DEBUG] [cpw.mods.modlauncher.TransformationServicesHandler/MODLAUNCHER]: Found transformer services : [mixin,fml]
[01Jan2023 15:23:49.758] [main/DEBUG] [cpw.mods.modlauncher.TransformationServicesHandler/MODLAUNCHER]: Transformation services loading
[01Jan2023 15:23:49.759] [main/DEBUG] [cpw.mods.modlauncher.TransformationServiceDecorator/MODLAUNCHER]: Loading service mixin
[01Jan2023 15:23:49.759] [main/DEBUG] [cpw.mods.modlauncher.TransformationServiceDecorator/MODLAUNCHER]: Loaded service mixin
[01Jan2023 15:23:49.760] [main/DEBUG] [cpw.mods.modlauncher.TransformationServiceDecorator/MODLAUNCHER]: Loading service fml
[01Jan2023 15:23:49.760] [main/DEBUG] [net.minecraftforge.fml.loading.FMLServiceProvider/]: Injecting tracing printstreams for STDOUT/STDERR.
[01Jan2023 15:23:49.763] [main/DEBUG] [net.minecraftforge.fml.loading.LauncherVersion/CORE]: Found FMLLauncher version 36.2
[01Jan2023 15:23:49.763] [main/DEBUG] [net.minecraftforge.fml.loading.FMLLoader/CORE]: FML 36.2 loading
[01Jan2023 15:23:49.763] [main/DEBUG] [net.minecraftforge.fml.loading.FMLLoader/CORE]: FML found ModLauncher version : 8.1.3+8.1.3+main-8.1.x.c94d18ec
[01Jan2023 15:23:49.764] [main/DEBUG] [net.minecraftforge.fml.loading.FMLLoader/CORE]: Initializing modjar URL handler
[01Jan2023 15:23:49.765] [main/DEBUG] [net.minecraftforge.fml.loading.FMLLoader/CORE]: FML found AccessTransformer version : 3.0.1+61+master.47bca0e
[01Jan2023 15:23:49.765] [main/DEBUG] [net.minecraftforge.fml.loading.FMLLoader/CORE]: FML found EventBus version : 4.0.0+65+master.6080a3f
[01Jan2023 15:23:49.766] [main/DEBUG] [net.minecraftforge.fml.loading.FMLLoader/CORE]: Found Runtime Dist Cleaner
[01Jan2023 15:23:49.769] [main/DEBUG] [net.minecraftforge.fml.loading.FMLLoader/CORE]: FML found CoreMod version : 4.0.6+14+master.c21a551
[01Jan2023 15:23:49.769] [main/DEBUG] [net.minecraftforge.fml.loading.FMLLoader/CORE]: Found ForgeSPI package implementation version 3.2.0+13+master.8ddb2cc
[01Jan2023 15:23:49.769] [main/DEBUG] [net.minecraftforge.fml.loading.FMLLoader/CORE]: Found ForgeSPI package specification 3
[01Jan2023 15:23:49.862] [main/INFO] [net.minecraftforge.fml.loading.FixSSL/CORE]: Added Lets Encrypt root certificates as additional trust
[01Jan2023 15:23:49.863] [main/DEBUG] [cpw.mods.modlauncher.TransformationServiceDecorator/MODLAUNCHER]: Loaded service fml
[01Jan2023 15:23:49.866] [main/DEBUG] [cpw.mods.modlauncher.TransformationServicesHandler/MODLAUNCHER]: Configuring option handling for services
[01Jan2023 15:23:49.876] [main/DEBUG] [cpw.mods.modlauncher.TransformationServicesHandler/MODLAUNCHER]: Transformation services initializing
[01Jan2023 15:23:49.876] [main/DEBUG] [cpw.mods.modlauncher.TransformationServiceDecorator/MODLAUNCHER]: Initializing transformation service mixin
[01Jan2023 15:23:49.887] [main/DEBUG] [mixin/]: Mixin bootstrap service org.spongepowered.asm.service.mojang.MixinServiceLaunchWrapperBootstrap is not available: LaunchWrapper is not available
[01Jan2023 15:23:49.887] [main/DEBUG] [mixin/]: MixinService [ModLauncher] was successfully booted in sun.misc.Launcher$AppClassLoader@7852e922
[01Jan2023 15:23:49.901] [main/INFO] [mixin/]: SpongePowered MIXIN Subsystem Version=0.8.4 Source=file:/C:/Users/chara/GitHub/Tierra%20de%20Tinieblas/Launcher/libraries/org/spongepowered/mixin/0.8.4/mixin-0.8.4.jar Service=ModLauncher Env=CLIENT
[01Jan2023 15:23:49.905] [main/DEBUG] [mixin/]: Initialising Mixin Platform Manager
[01Jan2023 15:23:49.905] [main/DEBUG] [mixin/]: Adding mixin platform agents for container ModLauncher Root Container(ModLauncher:4f56a0a2)
[01Jan2023 15:23:49.906] [main/DEBUG] [mixin/]: Instancing new MixinPlatformAgentMinecraftForge for ModLauncher Root Container(ModLauncher:4f56a0a2)
[01Jan2023 15:23:49.906] [main/DEBUG] [mixin/]: MixinPlatformAgentMinecraftForge rejected container ModLauncher Root Container(ModLauncher:4f56a0a2)
[01Jan2023 15:23:49.906] [main/DEBUG] [mixin/]: Instancing new MixinPlatformAgentDefault for ModLauncher Root Container(ModLauncher:4f56a0a2)
[01Jan2023 15:23:49.906] [main/DEBUG] [mixin/]: MixinPlatformAgentDefault accepted container ModLauncher Root Container(ModLauncher:4f56a0a2)
[01Jan2023 15:23:49.908] [main/DEBUG] [cpw.mods.modlauncher.TransformationServiceDecorator/MODLAUNCHER]: Initialized transformation service mixin
[01Jan2023 15:23:49.908] [main/DEBUG] [cpw.mods.modlauncher.TransformationServiceDecorator/MODLAUNCHER]: Initializing transformation service fml
[01Jan2023 15:23:49.908] [main/DEBUG] [net.minecraftforge.fml.loading.FMLServiceProvider/CORE]: Setting up basic FML game directories
[01Jan2023 15:23:49.909] [main/DEBUG] [net.minecraftforge.fml.loading.FileUtils/CORE]: Found existing GAMEDIR directory : C:\Users\chara\GitHub\Tierra de Tinieblas\Launcher\instances\Tierra de Tinieblas\.minecraft
[01Jan2023 15:23:49.909] [main/DEBUG] [net.minecraftforge.fml.loading.FMLPaths/CORE]: Path GAMEDIR is C:\Users\chara\GitHub\Tierra de Tinieblas\Launcher\instances\Tierra de Tinieblas\.minecraft
[01Jan2023 15:23:49.910] [main/DEBUG] [net.minecraftforge.fml.loading.FileUtils/CORE]: Found existing MODSDIR directory : C:\Users\chara\GitHub\Tierra de Tinieblas\Launcher\instances\Tierra de Tinieblas\.minecraft\mods
[01Jan2023 15:23:49.910] [main/DEBUG] [net.minecraftforge.fml.loading.FMLPaths/CORE]: Path MODSDIR is C:\Users\chara\GitHub\Tierra de Tinieblas\Launcher\instances\Tierra de Tinieblas\.minecraft\mods
[01Jan2023 15:23:49.910] [main/DEBUG] [net.minecraftforge.fml.loading.FileUtils/CORE]: Making CONFIGDIR directory : C:\Users\chara\GitHub\Tierra de Tinieblas\Launcher\instances\Tierra de Tinieblas\.minecraft\config
[01Jan2023 15:23:49.910] [main/DEBUG] [net.minecraftforge.fml.loading.FileUtils/CORE]: Created CONFIGDIR directory : C:\Users\chara\GitHub\Tierra de Tinieblas\Launcher\instances\Tierra de Tinieblas\.minecraft\config
[01Jan2023 15:23:49.910] [main/DEBUG] [net.minecraftforge.fml.loading.FMLPaths/CORE]: Path CONFIGDIR is C:\Users\chara\GitHub\Tierra de Tinieblas\Launcher\instances\Tierra de Tinieblas\.minecraft\config
[01Jan2023 15:23:49.910] [main/DEBUG] [net.minecraftforge.fml.loading.FMLPaths/CORE]: Path FMLCONFIG is C:\Users\chara\GitHub\Tierra de Tinieblas\Launcher\instances\Tierra de Tinieblas\.minecraft\config\fml.toml
[01Jan2023 15:23:49.910] [main/DEBUG] [net.minecraftforge.fml.loading.FMLServiceProvider/CORE]: Loading configuration
[01Jan2023 15:23:49.942] [main/WARN] [net.minecraftforge.fml.loading.FMLConfig/CORE]: Configuration file C:\Users\chara\GitHub\Tierra de Tinieblas\Launcher\instances\Tierra de Tinieblas\.minecraft\config\fml.toml is not correct. Correcting
[01Jan2023 15:23:49.948] [main/WARN] [net.minecraftforge.fml.loading.FMLConfig/CORE]: Incorrect key [defaultConfigPath] was corrected from null to defaultconfigs
[01Jan2023 15:23:49.950] [main/DEBUG] [net.minecraftforge.fml.loading.FileUtils/CORE]: Making default config directory directory : C:\Users\chara\GitHub\Tierra de Tinieblas\Launcher\instances\Tierra de Tinieblas\.minecraft\defaultconfigs
[01Jan2023 15:23:49.951] [main/DEBUG] [net.minecraftforge.fml.loading.FileUtils/CORE]: Created default config directory directory : C:\Users\chara\GitHub\Tierra de Tinieblas\Launcher\instances\Tierra de Tinieblas\.minecraft\defaultconfigs
[01Jan2023 15:23:49.951] [main/DEBUG] [net.minecraftforge.fml.loading.FMLServiceProvider/CORE]: Preparing ModFile
[01Jan2023 15:23:49.955] [main/DEBUG] [net.minecraftforge.fml.loading.FMLServiceProvider/CORE]: Preparing launch handler
[01Jan2023 15:23:49.955] [main/DEBUG] [net.minecraftforge.fml.loading.FMLLoader/CORE]: Using fmlclient as launch service
[01Jan2023 15:23:50.171] [main/INFO] [STDERR/]: [org.lwjgl.glfw.GLFWErrorCallback$1:invoke:105]: 	Description : WGL: The driver does not appear to support OpenGL
[01Jan2023 15:23:50.171] [main/INFO] [STDERR/]: [org.lwjgl.glfw.GLFWErrorCallback$1:invoke:106]: 	Stacktrace  :
[01Jan2023 15:23:50.172] [main/INFO] [STDERR/]: [org.lwjgl.glfw.GLFWErrorCallback$1:invoke:110]: org.lwjgl.glfw.GLFW.nglfwCreateWindow(GLFW.java:1714)
[01Jan2023 15:23:50.172] [main/INFO] [STDERR/]: [org.lwjgl.glfw.GLFWErrorCallback$1:invoke:110]: org.lwjgl.glfw.GLFW.glfwCreateWindow(GLFW.java:1897)
[01Jan2023 15:23:50.173] [main/INFO] [STDERR/]: [org.lwjgl.glfw.GLFWErrorCallback$1:invoke:110]: net.minecraftforge.fml.loading.progress.ClientVisualization.initWindow(ClientVisualization.java:103)
[01Jan2023 15:23:50.173] [main/INFO] [STDERR/]: [org.lwjgl.glfw.GLFWErrorCallback$1:invoke:110]: net.minecraftforge.fml.loading.progress.ClientVisualization.start(ClientVisualization.java:349)
[01Jan2023 15:23:50.173] [main/INFO] [STDERR/]: [org.lwjgl.glfw.GLFWErrorCallback$1:invoke:110]: net.minecraftforge.fml.loading.progress.EarlyProgressVisualization.accept(EarlyProgressVisualization.java:43)
[01Jan2023 15:23:50.173] [main/INFO] [STDERR/]: [org.lwjgl.glfw.GLFWErrorCallback$1:invoke:110]: net.minecraftforge.fml.loading.FMLLoader.setupLaunchHandler(FMLLoader.java:190)
[01Jan2023 15:23:50.174] [main/INFO] [STDERR/]: [org.lwjgl.glfw.GLFWErrorCallback$1:invoke:110]: net.minecraftforge.fml.loading.FMLServiceProvider.initialize(FMLServiceProvider.java:94)
[01Jan2023 15:23:50.174] [main/INFO] [STDERR/]: [org.lwjgl.glfw.GLFWErrorCallback$1:invoke:110]: cpw.mods.modlauncher.TransformationServiceDecorator.onInitialize(TransformationServiceDecorator.java:68)
[01Jan2023 15:23:50.174] [main/INFO] [STDERR/]: [org.lwjgl.glfw.GLFWErrorCallback$1:invoke:110]: cpw.mods.modlauncher.TransformationServicesHandler.lambda$initialiseTransformationServices$7(TransformationServicesHandler.java:107)
[01Jan2023 15:23:50.175] [main/INFO] [STDERR/]: [org.lwjgl.glfw.GLFWErrorCallback$1:invoke:110]: java.util.HashMap$Values.forEach(HashMap.java:982)
[01Jan2023 15:23:50.175] [main/INFO] [STDERR/]: [org.lwjgl.glfw.GLFWErrorCallback$1:invoke:110]: cpw.mods.modlauncher.TransformationServicesHandler.initialiseTransformationServices(TransformationServicesHandler.java:107)
[01Jan2023 15:23:50.175] [main/INFO] [STDERR/]: [org.lwjgl.glfw.GLFWErrorCallback$1:invoke:110]: cpw.mods.modlauncher.TransformationServicesHandler.initializeTransformationServices(TransformationServicesHandler.java:59)
[01Jan2023 15:23:50.175] [main/INFO] [STDERR/]: [org.lwjgl.glfw.GLFWErrorCallback$1:invoke:110]: cpw.mods.modlauncher.Launcher.run(Launcher.java:76)
[01Jan2023 15:23:50.176] [main/INFO] [STDERR/]: [org.lwjgl.glfw.GLFWErrorCallback$1:invoke:110]: cpw.mods.modlauncher.Launcher.main(Launcher.java:66)
[01Jan2023 15:23:50.176] [main/INFO] [STDERR/]: [org.lwjgl.glfw.GLFWErrorCallback$1:invoke:110]: sun.reflect.NativeMethodAccessorImpl.invoke0(Native Method)
[01Jan2023 15:23:50.176] [main/INFO] [STDERR/]: [org.lwjgl.glfw.GLFWErrorCallback$1:invoke:110]: sun.reflect.NativeMethodAccessorImpl.invoke(NativeMethodAccessorImpl.java:62)
[01Jan2023 15:23:50.176] [main/INFO] [STDERR/]: [org.lwjgl.glfw.GLFWErrorCallback$1:invoke:110]: sun.reflect.DelegatingMethodAccessorImpl.invoke(DelegatingMethodAccessorImpl.java:43)
[01Jan2023 15:23:50.176] [main/INFO] [STDERR/]: [org.lwjgl.glfw.GLFWErrorCallback$1:invoke:110]: java.lang.reflect.Method.invoke(Method.java:498)
[01Jan2023 15:23:50.177] [main/INFO] [STDERR/]: [org.lwjgl.glfw.GLFWErrorCallback$1:invoke:110]: io.github.zekerzhayard.forgewrapper.installer.Main.main(Main.java:57)
[01Jan2023 15:23:50.177] [main/INFO] [STDERR/]: [org.lwjgl.glfw.GLFWErrorCallback$1:invoke:110]: org.prismlauncher.launcher.impl.StandardLauncher.launch(StandardLauncher.java:88)
[01Jan2023 15:23:50.177] [main/INFO] [STDERR/]: [org.lwjgl.glfw.GLFWErrorCallback$1:invoke:110]: org.prismlauncher.EntryPoint.listen(EntryPoint.java:126)
[01Jan2023 15:23:50.177] [main/INFO] [STDERR/]: [org.lwjgl.glfw.GLFWErrorCallback$1:invoke:110]: org.prismlauncher.EntryPoint.main(EntryPoint.java:71)
